[0.059s] Invoking command in '/ros2_ws/build/husky_msgs': CMAKE_PREFIX_PATH=${CMAKE_PREFIX_PATH}:/ros2_ws/install/ros2_controllers_test_nodes:/opt/ros/humble /usr/bin/cmake --build /ros2_ws/build/husky_msgs -- -j12 -l12
[0.135s] failed to create symbolic link '/ros2_ws/build/husky_msgs/ament_cmake_python/husky_msgs/husky_msgs' because existing path cannot be removed: Is a directory
[0.137s] [  3%] Built target husky_msgs__cpp
[0.137s] gmake[2]: *** [CMakeFiles/ament_cmake_python_symlink_husky_msgs.dir/build.make:70: CMakeFiles/ament_cmake_python_symlink_husky_msgs] Error 1
[0.137s] gmake[1]: *** [CMakeFiles/Makefile2:421: CMakeFiles/ament_cmake_python_symlink_husky_msgs.dir/all] Error 2
[0.137s] gmake[1]: *** Waiting for unfinished jobs....
[0.144s] [ 12%] Built target husky_msgs__rosidl_generator_c
[0.146s] gmake: *** [Makefile:146: all] Error 2
[0.157s] Invoked command in '/ros2_ws/build/husky_msgs' returned '2': CMAKE_PREFIX_PATH=${CMAKE_PREFIX_PATH}:/ros2_ws/install/ros2_controllers_test_nodes:/opt/ros/humble /usr/bin/cmake --build /ros2_ws/build/husky_msgs -- -j12 -l12
