[0.000000] (-) TimerEvent: {}
[0.000199] (articubot_one) JobQueued: {'identifier': 'articubot_one', 'dependencies': OrderedDict()}
[0.000834] (control_msgs) JobQueued: {'identifier': 'control_msgs', 'dependencies': OrderedDict()}
[0.000978] (husky_description) JobQueued: {'identifier': 'husky_description', 'dependencies': OrderedDict()}
[0.000999] (husky_msgs) JobQueued: {'identifier': 'husky_msgs', 'dependencies': OrderedDict()}
[0.001043] (mapviz_plugins) JobQueued: {'identifier': 'mapviz_plugins', 'dependencies': OrderedDict()}
[0.001083] (realtime_tools) JobQueued: {'identifier': 'realtime_tools', 'dependencies': OrderedDict()}
[0.001125] (robo_base) JobQueued: {'identifier': 'robo_base', 'dependencies': OrderedDict()}
[0.001161] (rtcm_msgs) JobQueued: {'identifier': 'rtcm_msgs', 'dependencies': OrderedDict()}
[0.001194] (tile_map) JobQueued: {'identifier': 'tile_map', 'dependencies': OrderedDict()}
[0.001227] (turtlebot3_fake_node) JobQueued: {'identifier': 'turtlebot3_fake_node', 'dependencies': OrderedDict()}
[0.001255] (turtlebot3_gazebo) JobQueued: {'identifier': 'turtlebot3_gazebo', 'dependencies': OrderedDict()}
[0.001288] (wetexplorer_control) JobQueued: {'identifier': 'wetexplorer_control', 'dependencies': OrderedDict()}
[0.001306] (wetexplorer_description) JobQueued: {'identifier': 'wetexplorer_description', 'dependencies': OrderedDict()}
[0.001332] (wetexplorer_gazebo) JobQueued: {'identifier': 'wetexplorer_gazebo', 'dependencies': OrderedDict()}
[0.001359] (wetexplorer_hardware) JobQueued: {'identifier': 'wetexplorer_hardware', 'dependencies': OrderedDict()}
[0.001430] (wetexplorer_navigation) JobQueued: {'identifier': 'wetexplorer_navigation', 'dependencies': OrderedDict()}
[0.001446] (husky_base) JobQueued: {'identifier': 'husky_base', 'dependencies': OrderedDict([('husky_msgs', '/ros2_ws/install/husky_msgs')])}
[0.001485] (husky_control) JobQueued: {'identifier': 'husky_control', 'dependencies': OrderedDict([('husky_description', '/ros2_ws/install/husky_description')])}
[0.001504] (husky_viz) JobQueued: {'identifier': 'husky_viz', 'dependencies': OrderedDict([('husky_description', '/ros2_ws/install/husky_description')])}
[0.001526] (turtlebot3_simulations) JobQueued: {'identifier': 'turtlebot3_simulations', 'dependencies': OrderedDict([('turtlebot3_fake_node', '/ros2_ws/install/turtlebot3_fake_node'), ('turtlebot3_gazebo', '/ros2_ws/install/turtlebot3_gazebo')])}
[0.001555] (husky_bringup) JobQueued: {'identifier': 'husky_bringup', 'dependencies': OrderedDict([('husky_description', '/ros2_ws/install/husky_description'), ('husky_msgs', '/ros2_ws/install/husky_msgs'), ('husky_base', '/ros2_ws/install/husky_base'), ('husky_control', '/ros2_ws/install/husky_control')])}
[0.001593] (husky_desktop) JobQueued: {'identifier': 'husky_desktop', 'dependencies': OrderedDict([('husky_description', '/ros2_ws/install/husky_description'), ('husky_msgs', '/ros2_ws/install/husky_msgs'), ('husky_viz', '/ros2_ws/install/husky_viz')])}
[0.001615] (husky_gazebo) JobQueued: {'identifier': 'husky_gazebo', 'dependencies': OrderedDict([('husky_description', '/ros2_ws/install/husky_description'), ('husky_control', '/ros2_ws/install/husky_control')])}
[0.001634] (husky_robot) JobQueued: {'identifier': 'husky_robot', 'dependencies': OrderedDict([('husky_description', '/ros2_ws/install/husky_description'), ('husky_msgs', '/ros2_ws/install/husky_msgs'), ('husky_base', '/ros2_ws/install/husky_base'), ('husky_control', '/ros2_ws/install/husky_control'), ('husky_bringup', '/ros2_ws/install/husky_bringup')])}
[0.001659] (husky_simulator) JobQueued: {'identifier': 'husky_simulator', 'dependencies': OrderedDict([('husky_description', '/ros2_ws/install/husky_description'), ('husky_control', '/ros2_ws/install/husky_control'), ('husky_gazebo', '/ros2_ws/install/husky_gazebo')])}
[0.001687] (husky_description) JobStarted: {'identifier': 'husky_description'}
[0.008852] (husky_msgs) JobStarted: {'identifier': 'husky_msgs'}
[0.012654] (turtlebot3_fake_node) JobStarted: {'identifier': 'turtlebot3_fake_node'}
[0.016574] (turtlebot3_gazebo) JobStarted: {'identifier': 'turtlebot3_gazebo'}
[0.020934] (articubot_one) JobStarted: {'identifier': 'articubot_one'}
[0.025017] (control_msgs) JobStarted: {'identifier': 'control_msgs'}
[0.028852] (mapviz_plugins) JobStarted: {'identifier': 'mapviz_plugins'}
[0.034681] (realtime_tools) JobStarted: {'identifier': 'realtime_tools'}
[0.038222] (robo_base) JobStarted: {'identifier': 'robo_base'}
[0.042756] (rtcm_msgs) JobStarted: {'identifier': 'rtcm_msgs'}
[0.046770] (tile_map) JobStarted: {'identifier': 'tile_map'}
[0.050212] (wetexplorer_control) JobStarted: {'identifier': 'wetexplorer_control'}
[0.057925] (husky_description) JobProgress: {'identifier': 'husky_description', 'progress': 'cmake'}
[0.058067] (husky_description) Command: {'cmd': ['/usr/bin/cmake', '/ros2_ws/src/husky-humble-devel/husky_description', '-DCMAKE_INSTALL_PREFIX=/ros2_ws/install/husky_description'], 'cwd': '/ros2_ws/build/husky_description', 'env': OrderedDict([('HOSTNAME', 'pablo-computer'), ('IGNITION_VERSION', 'fortress'), ('SHLVL', '1'), ('LD_LIBRARY_PATH', '/usr/lib/x86_64-linux-gnu/gazebo-11/plugins:/opt/ros/humble/opt/rviz_ogre_vendor/lib:/opt/ros/humble/lib/x86_64-linux-gnu:/opt/ros/humble/lib'), ('HOME', '/home/ros'), ('OLDPWD', '/home/ros'), ('ROS_PYTHON_VERSION', '3'), ('COLCON_PREFIX_PATH', '/ros2_ws/install'), ('ROS_DISTRO', 'humble'), ('_', '/usr/bin/colcon'), ('ROS_VERSION', '2'), ('TERM', 'xterm'), ('ROS_LOCALHOST_ONLY', '0'), ('PATH', '/opt/ros/humble/bin:/usr/local/sbin:/usr/local/bin:/usr/sbin:/usr/bin:/sbin:/bin'), ('DISPLAY', ':1'), ('LANG', 'C.UTF-8'), ('LS_COLORS', 'rs=0:di=01;34:ln=01;36:mh=00:pi=40;33:so=01;35:do=01;35:bd=40;33;01:cd=40;33;01:or=40;31;01:mi=00:su=37;41:sg=30;43:ca=30;41:tw=30;42:ow=34;42:st=37;44:ex=01;32:*.tar=01;31:*.tgz=01;31:*.arc=01;31:*.arj=01;31:*.taz=01;31:*.lha=01;31:*.lz4=01;31:*.lzh=01;31:*.lzma=01;31:*.tlz=01;31:*.txz=01;31:*.tzo=01;31:*.t7z=01;31:*.zip=01;31:*.z=01;31:*.dz=01;31:*.gz=01;31:*.lrz=01;31:*.lz=01;31:*.lzo=01;31:*.xz=01;31:*.zst=01;31:*.tzst=01;31:*.bz2=01;31:*.bz=01;31:*.tbz=01;31:*.tbz2=01;31:*.tz=01;31:*.deb=01;31:*.rpm=01;31:*.jar=01;31:*.war=01;31:*.ear=01;31:*.sar=01;31:*.rar=01;31:*.alz=01;31:*.ace=01;31:*.zoo=01;31:*.cpio=01;31:*.7z=01;31:*.rz=01;31:*.cab=01;31:*.wim=01;31:*.swm=01;31:*.dwm=01;31:*.esd=01;31:*.jpg=01;35:*.jpeg=01;35:*.mjpg=01;35:*.mjpeg=01;35:*.gif=01;35:*.bmp=01;35:*.pbm=01;35:*.pgm=01;35:*.ppm=01;35:*.tga=01;35:*.xbm=01;35:*.xpm=01;35:*.tif=01;35:*.tiff=01;35:*.png=01;35:*.svg=01;35:*.svgz=01;35:*.mng=01;35:*.pcx=01;35:*.mov=01;35:*.mpg=01;35:*.mpeg=01;35:*.m2v=01;35:*.mkv=01;35:*.webm=01;35:*.webp=01;35:*.ogm=01;35:*.mp4=01;35:*.m4v=01;35:*.mp4v=01;35:*.vob=01;35:*.qt=01;35:*.nuv=01;35:*.wmv=01;35:*.asf=01;35:*.rm=01;35:*.rmvb=01;35:*.flc=01;35:*.avi=01;35:*.fli=01;35:*.flv=01;35:*.gl=01;35:*.dl=01;35:*.xcf=01;35:*.xwd=01;35:*.yuv=01;35:*.cgm=01;35:*.emf=01;35:*.ogv=01;35:*.ogx=01;35:*.aac=00;36:*.au=00;36:*.flac=00;36:*.m4a=00;36:*.mid=00;36:*.midi=00;36:*.mka=00;36:*.mp3=00;36:*.mpc=00;36:*.ogg=00;36:*.ra=00;36:*.wav=00;36:*.oga=00;36:*.opus=00;36:*.spx=00;36:*.xspf=00;36:'), ('AMENT_PREFIX_PATH', '/ros2_ws/install/husky_description:/ros2_ws/install/ros2_controllers_test_nodes:/ros2_ws/install/ros2_control_test_assets:/ros2_ws/install/ros2_control_demo_description:/ros2_ws/install/wetexplorer_description:/ros2_ws/install/articubot_one:/opt/ros/humble'), ('PWD', '/ros2_ws/build/husky_description'), ('TURTLEBOT3_MODEL', 'burger'), ('LC_ALL', 'C.UTF-8'), ('PYTHONPATH', '/ros2_ws/install/ros2_controllers_test_nodes/lib/python3.10/site-packages:/opt/ros/humble/lib/python3.10/site-packages:/opt/ros/humble/local/lib/python3.10/dist-packages'), ('COLCON', '1'), ('CMAKE_PREFIX_PATH', '/ros2_ws/install/ros2_control_test_assets:/ros2_ws/install/ros2_control_demo_description:/ros2_ws/install/husky_description:/ros2_ws/install/wetexplorer_description:/ros2_ws/install/articubot_one:/ros2_ws/install/ros2_controllers_test_nodes:/opt/ros/humble')]), 'shell': False}
[0.060613] (husky_msgs) JobProgress: {'identifier': 'husky_msgs', 'progress': 'cmake'}
[0.061270] (husky_msgs) Command: {'cmd': ['/usr/bin/cmake', '/ros2_ws/src/husky-humble-devel/husky_msgs', '-DCMAKE_INSTALL_PREFIX=/ros2_ws/install/husky_msgs'], 'cwd': '/ros2_ws/build/husky_msgs', 'env': OrderedDict([('HOSTNAME', 'pablo-computer'), ('IGNITION_VERSION', 'fortress'), ('SHLVL', '1'), ('LD_LIBRARY_PATH', '/usr/lib/x86_64-linux-gnu/gazebo-11/plugins:/opt/ros/humble/opt/rviz_ogre_vendor/lib:/opt/ros/humble/lib/x86_64-linux-gnu:/opt/ros/humble/lib'), ('HOME', '/home/ros'), ('OLDPWD', '/home/ros'), ('ROS_PYTHON_VERSION', '3'), ('COLCON_PREFIX_PATH', '/ros2_ws/install'), ('ROS_DISTRO', 'humble'), ('_', '/usr/bin/colcon'), ('ROS_VERSION', '2'), ('TERM', 'xterm'), ('ROS_LOCALHOST_ONLY', '0'), ('PATH', '/opt/ros/humble/bin:/usr/local/sbin:/usr/local/bin:/usr/sbin:/usr/bin:/sbin:/bin'), ('DISPLAY', ':1'), ('LANG', 'C.UTF-8'), ('LS_COLORS', 'rs=0:di=01;34:ln=01;36:mh=00:pi=40;33:so=01;35:do=01;35:bd=40;33;01:cd=40;33;01:or=40;31;01:mi=00:su=37;41:sg=30;43:ca=30;41:tw=30;42:ow=34;42:st=37;44:ex=01;32:*.tar=01;31:*.tgz=01;31:*.arc=01;31:*.arj=01;31:*.taz=01;31:*.lha=01;31:*.lz4=01;31:*.lzh=01;31:*.lzma=01;31:*.tlz=01;31:*.txz=01;31:*.tzo=01;31:*.t7z=01;31:*.zip=01;31:*.z=01;31:*.dz=01;31:*.gz=01;31:*.lrz=01;31:*.lz=01;31:*.lzo=01;31:*.xz=01;31:*.zst=01;31:*.tzst=01;31:*.bz2=01;31:*.bz=01;31:*.tbz=01;31:*.tbz2=01;31:*.tz=01;31:*.deb=01;31:*.rpm=01;31:*.jar=01;31:*.war=01;31:*.ear=01;31:*.sar=01;31:*.rar=01;31:*.alz=01;31:*.ace=01;31:*.zoo=01;31:*.cpio=01;31:*.7z=01;31:*.rz=01;31:*.cab=01;31:*.wim=01;31:*.swm=01;31:*.dwm=01;31:*.esd=01;31:*.jpg=01;35:*.jpeg=01;35:*.mjpg=01;35:*.mjpeg=01;35:*.gif=01;35:*.bmp=01;35:*.pbm=01;35:*.pgm=01;35:*.ppm=01;35:*.tga=01;35:*.xbm=01;35:*.xpm=01;35:*.tif=01;35:*.tiff=01;35:*.png=01;35:*.svg=01;35:*.svgz=01;35:*.mng=01;35:*.pcx=01;35:*.mov=01;35:*.mpg=01;35:*.mpeg=01;35:*.m2v=01;35:*.mkv=01;35:*.webm=01;35:*.webp=01;35:*.ogm=01;35:*.mp4=01;35:*.m4v=01;35:*.mp4v=01;35:*.vob=01;35:*.qt=01;35:*.nuv=01;35:*.wmv=01;35:*.asf=01;35:*.rm=01;35:*.rmvb=01;35:*.flc=01;35:*.avi=01;35:*.fli=01;35:*.flv=01;35:*.gl=01;35:*.dl=01;35:*.xcf=01;35:*.xwd=01;35:*.yuv=01;35:*.cgm=01;35:*.emf=01;35:*.ogv=01;35:*.ogx=01;35:*.aac=00;36:*.au=00;36:*.flac=00;36:*.m4a=00;36:*.mid=00;36:*.midi=00;36:*.mka=00;36:*.mp3=00;36:*.mpc=00;36:*.ogg=00;36:*.ra=00;36:*.wav=00;36:*.oga=00;36:*.opus=00;36:*.spx=00;36:*.xspf=00;36:'), ('AMENT_PREFIX_PATH', '/ros2_ws/install/husky_description:/ros2_ws/install/ros2_controllers_test_nodes:/ros2_ws/install/ros2_control_test_assets:/ros2_ws/install/ros2_control_demo_description:/ros2_ws/install/wetexplorer_description:/ros2_ws/install/articubot_one:/opt/ros/humble'), ('PWD', '/ros2_ws/build/husky_msgs'), ('TURTLEBOT3_MODEL', 'burger'), ('LC_ALL', 'C.UTF-8'), ('PYTHONPATH', '/ros2_ws/install/ros2_controllers_test_nodes/lib/python3.10/site-packages:/opt/ros/humble/lib/python3.10/site-packages:/opt/ros/humble/local/lib/python3.10/dist-packages'), ('COLCON', '1'), ('CMAKE_PREFIX_PATH', '/ros2_ws/install/ros2_control_test_assets:/ros2_ws/install/ros2_control_demo_description:/ros2_ws/install/husky_description:/ros2_ws/install/wetexplorer_description:/ros2_ws/install/articubot_one:/ros2_ws/install/ros2_controllers_test_nodes:/opt/ros/humble')]), 'shell': False}
[0.062322] (turtlebot3_fake_node) JobProgress: {'identifier': 'turtlebot3_fake_node', 'progress': 'cmake'}
[0.062433] (turtlebot3_fake_node) Command: {'cmd': ['/usr/bin/cmake', '/ros2_ws/src/turtlebot3_simulations/turtlebot3_fake_node', '-DCMAKE_INSTALL_PREFIX=/ros2_ws/install/turtlebot3_fake_node'], 'cwd': '/ros2_ws/build/turtlebot3_fake_node', 'env': OrderedDict([('HOSTNAME', 'pablo-computer'), ('IGNITION_VERSION', 'fortress'), ('SHLVL', '1'), ('LD_LIBRARY_PATH', '/usr/lib/x86_64-linux-gnu/gazebo-11/plugins:/opt/ros/humble/opt/rviz_ogre_vendor/lib:/opt/ros/humble/lib/x86_64-linux-gnu:/opt/ros/humble/lib'), ('HOME', '/home/ros'), ('OLDPWD', '/home/ros'), ('ROS_PYTHON_VERSION', '3'), ('COLCON_PREFIX_PATH', '/ros2_ws/install'), ('ROS_DISTRO', 'humble'), ('_', '/usr/bin/colcon'), ('ROS_VERSION', '2'), ('TERM', 'xterm'), ('ROS_LOCALHOST_ONLY', '0'), ('PATH', '/opt/ros/humble/bin:/usr/local/sbin:/usr/local/bin:/usr/sbin:/usr/bin:/sbin:/bin'), ('DISPLAY', ':1'), ('LANG', 'C.UTF-8'), ('LS_COLORS', 'rs=0:di=01;34:ln=01;36:mh=00:pi=40;33:so=01;35:do=01;35:bd=40;33;01:cd=40;33;01:or=40;31;01:mi=00:su=37;41:sg=30;43:ca=30;41:tw=30;42:ow=34;42:st=37;44:ex=01;32:*.tar=01;31:*.tgz=01;31:*.arc=01;31:*.arj=01;31:*.taz=01;31:*.lha=01;31:*.lz4=01;31:*.lzh=01;31:*.lzma=01;31:*.tlz=01;31:*.txz=01;31:*.tzo=01;31:*.t7z=01;31:*.zip=01;31:*.z=01;31:*.dz=01;31:*.gz=01;31:*.lrz=01;31:*.lz=01;31:*.lzo=01;31:*.xz=01;31:*.zst=01;31:*.tzst=01;31:*.bz2=01;31:*.bz=01;31:*.tbz=01;31:*.tbz2=01;31:*.tz=01;31:*.deb=01;31:*.rpm=01;31:*.jar=01;31:*.war=01;31:*.ear=01;31:*.sar=01;31:*.rar=01;31:*.alz=01;31:*.ace=01;31:*.zoo=01;31:*.cpio=01;31:*.7z=01;31:*.rz=01;31:*.cab=01;31:*.wim=01;31:*.swm=01;31:*.dwm=01;31:*.esd=01;31:*.jpg=01;35:*.jpeg=01;35:*.mjpg=01;35:*.mjpeg=01;35:*.gif=01;35:*.bmp=01;35:*.pbm=01;35:*.pgm=01;35:*.ppm=01;35:*.tga=01;35:*.xbm=01;35:*.xpm=01;35:*.tif=01;35:*.tiff=01;35:*.png=01;35:*.svg=01;35:*.svgz=01;35:*.mng=01;35:*.pcx=01;35:*.mov=01;35:*.mpg=01;35:*.mpeg=01;35:*.m2v=01;35:*.mkv=01;35:*.webm=01;35:*.webp=01;35:*.ogm=01;35:*.mp4=01;35:*.m4v=01;35:*.mp4v=01;35:*.vob=01;35:*.qt=01;35:*.nuv=01;35:*.wmv=01;35:*.asf=01;35:*.rm=01;35:*.rmvb=01;35:*.flc=01;35:*.avi=01;35:*.fli=01;35:*.flv=01;35:*.gl=01;35:*.dl=01;35:*.xcf=01;35:*.xwd=01;35:*.yuv=01;35:*.cgm=01;35:*.emf=01;35:*.ogv=01;35:*.ogx=01;35:*.aac=00;36:*.au=00;36:*.flac=00;36:*.m4a=00;36:*.mid=00;36:*.midi=00;36:*.mka=00;36:*.mp3=00;36:*.mpc=00;36:*.ogg=00;36:*.ra=00;36:*.wav=00;36:*.oga=00;36:*.opus=00;36:*.spx=00;36:*.xspf=00;36:'), ('AMENT_PREFIX_PATH', '/ros2_ws/install/husky_description:/ros2_ws/install/ros2_controllers_test_nodes:/ros2_ws/install/ros2_control_test_assets:/ros2_ws/install/ros2_control_demo_description:/ros2_ws/install/wetexplorer_description:/ros2_ws/install/articubot_one:/opt/ros/humble'), ('PWD', '/ros2_ws/build/turtlebot3_fake_node'), ('TURTLEBOT3_MODEL', 'burger'), ('LC_ALL', 'C.UTF-8'), ('PYTHONPATH', '/ros2_ws/install/ros2_controllers_test_nodes/lib/python3.10/site-packages:/opt/ros/humble/lib/python3.10/site-packages:/opt/ros/humble/local/lib/python3.10/dist-packages'), ('COLCON', '1'), ('CMAKE_PREFIX_PATH', '/ros2_ws/install/ros2_control_test_assets:/ros2_ws/install/ros2_control_demo_description:/ros2_ws/install/husky_description:/ros2_ws/install/wetexplorer_description:/ros2_ws/install/articubot_one:/ros2_ws/install/ros2_controllers_test_nodes:/opt/ros/humble')]), 'shell': False}
[0.064977] (turtlebot3_gazebo) JobProgress: {'identifier': 'turtlebot3_gazebo', 'progress': 'cmake'}
[0.065027] (turtlebot3_gazebo) Command: {'cmd': ['/usr/bin/cmake', '/ros2_ws/src/turtlebot3_simulations/turtlebot3_gazebo', '-DCMAKE_INSTALL_PREFIX=/ros2_ws/install/turtlebot3_gazebo'], 'cwd': '/ros2_ws/build/turtlebot3_gazebo', 'env': OrderedDict([('HOSTNAME', 'pablo-computer'), ('IGNITION_VERSION', 'fortress'), ('SHLVL', '1'), ('LD_LIBRARY_PATH', '/usr/lib/x86_64-linux-gnu/gazebo-11/plugins:/opt/ros/humble/opt/rviz_ogre_vendor/lib:/opt/ros/humble/lib/x86_64-linux-gnu:/opt/ros/humble/lib'), ('HOME', '/home/ros'), ('OLDPWD', '/home/ros'), ('ROS_PYTHON_VERSION', '3'), ('COLCON_PREFIX_PATH', '/ros2_ws/install'), ('ROS_DISTRO', 'humble'), ('_', '/usr/bin/colcon'), ('ROS_VERSION', '2'), ('TERM', 'xterm'), ('ROS_LOCALHOST_ONLY', '0'), ('PATH', '/opt/ros/humble/bin:/usr/local/sbin:/usr/local/bin:/usr/sbin:/usr/bin:/sbin:/bin'), ('DISPLAY', ':1'), ('LANG', 'C.UTF-8'), ('LS_COLORS', 'rs=0:di=01;34:ln=01;36:mh=00:pi=40;33:so=01;35:do=01;35:bd=40;33;01:cd=40;33;01:or=40;31;01:mi=00:su=37;41:sg=30;43:ca=30;41:tw=30;42:ow=34;42:st=37;44:ex=01;32:*.tar=01;31:*.tgz=01;31:*.arc=01;31:*.arj=01;31:*.taz=01;31:*.lha=01;31:*.lz4=01;31:*.lzh=01;31:*.lzma=01;31:*.tlz=01;31:*.txz=01;31:*.tzo=01;31:*.t7z=01;31:*.zip=01;31:*.z=01;31:*.dz=01;31:*.gz=01;31:*.lrz=01;31:*.lz=01;31:*.lzo=01;31:*.xz=01;31:*.zst=01;31:*.tzst=01;31:*.bz2=01;31:*.bz=01;31:*.tbz=01;31:*.tbz2=01;31:*.tz=01;31:*.deb=01;31:*.rpm=01;31:*.jar=01;31:*.war=01;31:*.ear=01;31:*.sar=01;31:*.rar=01;31:*.alz=01;31:*.ace=01;31:*.zoo=01;31:*.cpio=01;31:*.7z=01;31:*.rz=01;31:*.cab=01;31:*.wim=01;31:*.swm=01;31:*.dwm=01;31:*.esd=01;31:*.jpg=01;35:*.jpeg=01;35:*.mjpg=01;35:*.mjpeg=01;35:*.gif=01;35:*.bmp=01;35:*.pbm=01;35:*.pgm=01;35:*.ppm=01;35:*.tga=01;35:*.xbm=01;35:*.xpm=01;35:*.tif=01;35:*.tiff=01;35:*.png=01;35:*.svg=01;35:*.svgz=01;35:*.mng=01;35:*.pcx=01;35:*.mov=01;35:*.mpg=01;35:*.mpeg=01;35:*.m2v=01;35:*.mkv=01;35:*.webm=01;35:*.webp=01;35:*.ogm=01;35:*.mp4=01;35:*.m4v=01;35:*.mp4v=01;35:*.vob=01;35:*.qt=01;35:*.nuv=01;35:*.wmv=01;35:*.asf=01;35:*.rm=01;35:*.rmvb=01;35:*.flc=01;35:*.avi=01;35:*.fli=01;35:*.flv=01;35:*.gl=01;35:*.dl=01;35:*.xcf=01;35:*.xwd=01;35:*.yuv=01;35:*.cgm=01;35:*.emf=01;35:*.ogv=01;35:*.ogx=01;35:*.aac=00;36:*.au=00;36:*.flac=00;36:*.m4a=00;36:*.mid=00;36:*.midi=00;36:*.mka=00;36:*.mp3=00;36:*.mpc=00;36:*.ogg=00;36:*.ra=00;36:*.wav=00;36:*.oga=00;36:*.opus=00;36:*.spx=00;36:*.xspf=00;36:'), ('AMENT_PREFIX_PATH', '/ros2_ws/install/husky_description:/ros2_ws/install/ros2_controllers_test_nodes:/ros2_ws/install/ros2_control_test_assets:/ros2_ws/install/ros2_control_demo_description:/ros2_ws/install/wetexplorer_description:/ros2_ws/install/articubot_one:/opt/ros/humble'), ('PWD', '/ros2_ws/build/turtlebot3_gazebo'), ('TURTLEBOT3_MODEL', 'burger'), ('LC_ALL', 'C.UTF-8'), ('PYTHONPATH', '/ros2_ws/install/ros2_controllers_test_nodes/lib/python3.10/site-packages:/opt/ros/humble/lib/python3.10/site-packages:/opt/ros/humble/local/lib/python3.10/dist-packages'), ('COLCON', '1'), ('CMAKE_PREFIX_PATH', '/ros2_ws/install/ros2_control_test_assets:/ros2_ws/install/ros2_control_demo_description:/ros2_ws/install/husky_description:/ros2_ws/install/wetexplorer_description:/ros2_ws/install/articubot_one:/ros2_ws/install/ros2_controllers_test_nodes:/opt/ros/humble')]), 'shell': False}
[0.066504] (articubot_one) JobProgress: {'identifier': 'articubot_one', 'progress': 'cmake'}
[0.067051] (articubot_one) JobProgress: {'identifier': 'articubot_one', 'progress': 'build'}
[0.068049] (articubot_one) Command: {'cmd': ['/usr/bin/cmake', '--build', '/ros2_ws/build/articubot_one', '--', '-j12', '-l12'], 'cwd': '/ros2_ws/build/articubot_one', 'env': OrderedDict([('HOSTNAME', 'pablo-computer'), ('IGNITION_VERSION', 'fortress'), ('SHLVL', '1'), ('LD_LIBRARY_PATH', '/usr/lib/x86_64-linux-gnu/gazebo-11/plugins:/opt/ros/humble/opt/rviz_ogre_vendor/lib:/opt/ros/humble/lib/x86_64-linux-gnu:/opt/ros/humble/lib'), ('HOME', '/home/ros'), ('OLDPWD', '/home/ros'), ('ROS_PYTHON_VERSION', '3'), ('COLCON_PREFIX_PATH', '/ros2_ws/install'), ('ROS_DISTRO', 'humble'), ('_', '/usr/bin/colcon'), ('ROS_VERSION', '2'), ('TERM', 'xterm'), ('ROS_LOCALHOST_ONLY', '0'), ('PATH', '/opt/ros/humble/bin:/usr/local/sbin:/usr/local/bin:/usr/sbin:/usr/bin:/sbin:/bin'), ('DISPLAY', ':1'), ('LANG', 'C.UTF-8'), ('LS_COLORS', 'rs=0:di=01;34:ln=01;36:mh=00:pi=40;33:so=01;35:do=01;35:bd=40;33;01:cd=40;33;01:or=40;31;01:mi=00:su=37;41:sg=30;43:ca=30;41:tw=30;42:ow=34;42:st=37;44:ex=01;32:*.tar=01;31:*.tgz=01;31:*.arc=01;31:*.arj=01;31:*.taz=01;31:*.lha=01;31:*.lz4=01;31:*.lzh=01;31:*.lzma=01;31:*.tlz=01;31:*.txz=01;31:*.tzo=01;31:*.t7z=01;31:*.zip=01;31:*.z=01;31:*.dz=01;31:*.gz=01;31:*.lrz=01;31:*.lz=01;31:*.lzo=01;31:*.xz=01;31:*.zst=01;31:*.tzst=01;31:*.bz2=01;31:*.bz=01;31:*.tbz=01;31:*.tbz2=01;31:*.tz=01;31:*.deb=01;31:*.rpm=01;31:*.jar=01;31:*.war=01;31:*.ear=01;31:*.sar=01;31:*.rar=01;31:*.alz=01;31:*.ace=01;31:*.zoo=01;31:*.cpio=01;31:*.7z=01;31:*.rz=01;31:*.cab=01;31:*.wim=01;31:*.swm=01;31:*.dwm=01;31:*.esd=01;31:*.jpg=01;35:*.jpeg=01;35:*.mjpg=01;35:*.mjpeg=01;35:*.gif=01;35:*.bmp=01;35:*.pbm=01;35:*.pgm=01;35:*.ppm=01;35:*.tga=01;35:*.xbm=01;35:*.xpm=01;35:*.tif=01;35:*.tiff=01;35:*.png=01;35:*.svg=01;35:*.svgz=01;35:*.mng=01;35:*.pcx=01;35:*.mov=01;35:*.mpg=01;35:*.mpeg=01;35:*.m2v=01;35:*.mkv=01;35:*.webm=01;35:*.webp=01;35:*.ogm=01;35:*.mp4=01;35:*.m4v=01;35:*.mp4v=01;35:*.vob=01;35:*.qt=01;35:*.nuv=01;35:*.wmv=01;35:*.asf=01;35:*.rm=01;35:*.rmvb=01;35:*.flc=01;35:*.avi=01;35:*.fli=01;35:*.flv=01;35:*.gl=01;35:*.dl=01;35:*.xcf=01;35:*.xwd=01;35:*.yuv=01;35:*.cgm=01;35:*.emf=01;35:*.ogv=01;35:*.ogx=01;35:*.aac=00;36:*.au=00;36:*.flac=00;36:*.m4a=00;36:*.mid=00;36:*.midi=00;36:*.mka=00;36:*.mp3=00;36:*.mpc=00;36:*.ogg=00;36:*.ra=00;36:*.wav=00;36:*.oga=00;36:*.opus=00;36:*.spx=00;36:*.xspf=00;36:'), ('AMENT_PREFIX_PATH', '/ros2_ws/install/husky_description:/ros2_ws/install/ros2_controllers_test_nodes:/ros2_ws/install/ros2_control_test_assets:/ros2_ws/install/ros2_control_demo_description:/ros2_ws/install/wetexplorer_description:/ros2_ws/install/articubot_one:/opt/ros/humble'), ('PWD', '/ros2_ws/build/articubot_one'), ('TURTLEBOT3_MODEL', 'burger'), ('LC_ALL', 'C.UTF-8'), ('PYTHONPATH', '/ros2_ws/install/ros2_controllers_test_nodes/lib/python3.10/site-packages:/opt/ros/humble/lib/python3.10/site-packages:/opt/ros/humble/local/lib/python3.10/dist-packages'), ('COLCON', '1'), ('CMAKE_PREFIX_PATH', '/ros2_ws/install/ros2_control_test_assets:/ros2_ws/install/ros2_control_demo_description:/ros2_ws/install/husky_description:/ros2_ws/install/wetexplorer_description:/ros2_ws/install/articubot_one:/ros2_ws/install/ros2_controllers_test_nodes:/opt/ros/humble')]), 'shell': False}
[0.071828] (control_msgs) JobProgress: {'identifier': 'control_msgs', 'progress': 'cmake'}
[0.071927] (control_msgs) Command: {'cmd': ['/usr/bin/cmake', '/ros2_ws/src/control_msgs/control_msgs', '-DCMAKE_INSTALL_PREFIX=/ros2_ws/install/control_msgs'], 'cwd': '/ros2_ws/build/control_msgs', 'env': OrderedDict([('HOSTNAME', 'pablo-computer'), ('IGNITION_VERSION', 'fortress'), ('SHLVL', '1'), ('LD_LIBRARY_PATH', '/usr/lib/x86_64-linux-gnu/gazebo-11/plugins:/opt/ros/humble/opt/rviz_ogre_vendor/lib:/opt/ros/humble/lib/x86_64-linux-gnu:/opt/ros/humble/lib'), ('HOME', '/home/ros'), ('OLDPWD', '/home/ros'), ('ROS_PYTHON_VERSION', '3'), ('COLCON_PREFIX_PATH', '/ros2_ws/install'), ('ROS_DISTRO', 'humble'), ('_', '/usr/bin/colcon'), ('ROS_VERSION', '2'), ('TERM', 'xterm'), ('ROS_LOCALHOST_ONLY', '0'), ('PATH', '/opt/ros/humble/bin:/usr/local/sbin:/usr/local/bin:/usr/sbin:/usr/bin:/sbin:/bin'), ('DISPLAY', ':1'), ('LANG', 'C.UTF-8'), ('LS_COLORS', 'rs=0:di=01;34:ln=01;36:mh=00:pi=40;33:so=01;35:do=01;35:bd=40;33;01:cd=40;33;01:or=40;31;01:mi=00:su=37;41:sg=30;43:ca=30;41:tw=30;42:ow=34;42:st=37;44:ex=01;32:*.tar=01;31:*.tgz=01;31:*.arc=01;31:*.arj=01;31:*.taz=01;31:*.lha=01;31:*.lz4=01;31:*.lzh=01;31:*.lzma=01;31:*.tlz=01;31:*.txz=01;31:*.tzo=01;31:*.t7z=01;31:*.zip=01;31:*.z=01;31:*.dz=01;31:*.gz=01;31:*.lrz=01;31:*.lz=01;31:*.lzo=01;31:*.xz=01;31:*.zst=01;31:*.tzst=01;31:*.bz2=01;31:*.bz=01;31:*.tbz=01;31:*.tbz2=01;31:*.tz=01;31:*.deb=01;31:*.rpm=01;31:*.jar=01;31:*.war=01;31:*.ear=01;31:*.sar=01;31:*.rar=01;31:*.alz=01;31:*.ace=01;31:*.zoo=01;31:*.cpio=01;31:*.7z=01;31:*.rz=01;31:*.cab=01;31:*.wim=01;31:*.swm=01;31:*.dwm=01;31:*.esd=01;31:*.jpg=01;35:*.jpeg=01;35:*.mjpg=01;35:*.mjpeg=01;35:*.gif=01;35:*.bmp=01;35:*.pbm=01;35:*.pgm=01;35:*.ppm=01;35:*.tga=01;35:*.xbm=01;35:*.xpm=01;35:*.tif=01;35:*.tiff=01;35:*.png=01;35:*.svg=01;35:*.svgz=01;35:*.mng=01;35:*.pcx=01;35:*.mov=01;35:*.mpg=01;35:*.mpeg=01;35:*.m2v=01;35:*.mkv=01;35:*.webm=01;35:*.webp=01;35:*.ogm=01;35:*.mp4=01;35:*.m4v=01;35:*.mp4v=01;35:*.vob=01;35:*.qt=01;35:*.nuv=01;35:*.wmv=01;35:*.asf=01;35:*.rm=01;35:*.rmvb=01;35:*.flc=01;35:*.avi=01;35:*.fli=01;35:*.flv=01;35:*.gl=01;35:*.dl=01;35:*.xcf=01;35:*.xwd=01;35:*.yuv=01;35:*.cgm=01;35:*.emf=01;35:*.ogv=01;35:*.ogx=01;35:*.aac=00;36:*.au=00;36:*.flac=00;36:*.m4a=00;36:*.mid=00;36:*.midi=00;36:*.mka=00;36:*.mp3=00;36:*.mpc=00;36:*.ogg=00;36:*.ra=00;36:*.wav=00;36:*.oga=00;36:*.opus=00;36:*.spx=00;36:*.xspf=00;36:'), ('AMENT_PREFIX_PATH', '/ros2_ws/install/husky_description:/ros2_ws/install/ros2_controllers_test_nodes:/ros2_ws/install/ros2_control_test_assets:/ros2_ws/install/ros2_control_demo_description:/ros2_ws/install/wetexplorer_description:/ros2_ws/install/articubot_one:/opt/ros/humble'), ('PWD', '/ros2_ws/build/control_msgs'), ('TURTLEBOT3_MODEL', 'burger'), ('LC_ALL', 'C.UTF-8'), ('PYTHONPATH', '/ros2_ws/install/ros2_controllers_test_nodes/lib/python3.10/site-packages:/opt/ros/humble/lib/python3.10/site-packages:/opt/ros/humble/local/lib/python3.10/dist-packages'), ('COLCON', '1'), ('CMAKE_PREFIX_PATH', '/ros2_ws/install/ros2_control_test_assets:/ros2_ws/install/ros2_control_demo_description:/ros2_ws/install/husky_description:/ros2_ws/install/wetexplorer_description:/ros2_ws/install/articubot_one:/ros2_ws/install/ros2_controllers_test_nodes:/opt/ros/humble')]), 'shell': False}
[0.074671] (mapviz_plugins) JobProgress: {'identifier': 'mapviz_plugins', 'progress': 'cmake'}
[0.074808] (mapviz_plugins) Command: {'cmd': ['/usr/bin/cmake', '/ros2_ws/src/mapviz_plugins', '-DCATKIN_INSTALL_INTO_PREFIX_ROOT=0', '-DCMAKE_INSTALL_PREFIX=/ros2_ws/install/mapviz_plugins'], 'cwd': '/ros2_ws/build/mapviz_plugins', 'env': OrderedDict([('HOSTNAME', 'pablo-computer'), ('IGNITION_VERSION', 'fortress'), ('SHLVL', '1'), ('LD_LIBRARY_PATH', '/usr/lib/x86_64-linux-gnu/gazebo-11/plugins:/opt/ros/humble/opt/rviz_ogre_vendor/lib:/opt/ros/humble/lib/x86_64-linux-gnu:/opt/ros/humble/lib'), ('HOME', '/home/ros'), ('OLDPWD', '/home/ros'), ('ROS_PYTHON_VERSION', '3'), ('COLCON_PREFIX_PATH', '/ros2_ws/install'), ('ROS_DISTRO', 'humble'), ('_', '/usr/bin/colcon'), ('ROS_VERSION', '2'), ('TERM', 'xterm'), ('ROS_LOCALHOST_ONLY', '0'), ('PATH', '/opt/ros/humble/bin:/usr/local/sbin:/usr/local/bin:/usr/sbin:/usr/bin:/sbin:/bin'), ('DISPLAY', ':1'), ('LANG', 'C.UTF-8'), ('LS_COLORS', 'rs=0:di=01;34:ln=01;36:mh=00:pi=40;33:so=01;35:do=01;35:bd=40;33;01:cd=40;33;01:or=40;31;01:mi=00:su=37;41:sg=30;43:ca=30;41:tw=30;42:ow=34;42:st=37;44:ex=01;32:*.tar=01;31:*.tgz=01;31:*.arc=01;31:*.arj=01;31:*.taz=01;31:*.lha=01;31:*.lz4=01;31:*.lzh=01;31:*.lzma=01;31:*.tlz=01;31:*.txz=01;31:*.tzo=01;31:*.t7z=01;31:*.zip=01;31:*.z=01;31:*.dz=01;31:*.gz=01;31:*.lrz=01;31:*.lz=01;31:*.lzo=01;31:*.xz=01;31:*.zst=01;31:*.tzst=01;31:*.bz2=01;31:*.bz=01;31:*.tbz=01;31:*.tbz2=01;31:*.tz=01;31:*.deb=01;31:*.rpm=01;31:*.jar=01;31:*.war=01;31:*.ear=01;31:*.sar=01;31:*.rar=01;31:*.alz=01;31:*.ace=01;31:*.zoo=01;31:*.cpio=01;31:*.7z=01;31:*.rz=01;31:*.cab=01;31:*.wim=01;31:*.swm=01;31:*.dwm=01;31:*.esd=01;31:*.jpg=01;35:*.jpeg=01;35:*.mjpg=01;35:*.mjpeg=01;35:*.gif=01;35:*.bmp=01;35:*.pbm=01;35:*.pgm=01;35:*.ppm=01;35:*.tga=01;35:*.xbm=01;35:*.xpm=01;35:*.tif=01;35:*.tiff=01;35:*.png=01;35:*.svg=01;35:*.svgz=01;35:*.mng=01;35:*.pcx=01;35:*.mov=01;35:*.mpg=01;35:*.mpeg=01;35:*.m2v=01;35:*.mkv=01;35:*.webm=01;35:*.webp=01;35:*.ogm=01;35:*.mp4=01;35:*.m4v=01;35:*.mp4v=01;35:*.vob=01;35:*.qt=01;35:*.nuv=01;35:*.wmv=01;35:*.asf=01;35:*.rm=01;35:*.rmvb=01;35:*.flc=01;35:*.avi=01;35:*.fli=01;35:*.flv=01;35:*.gl=01;35:*.dl=01;35:*.xcf=01;35:*.xwd=01;35:*.yuv=01;35:*.cgm=01;35:*.emf=01;35:*.ogv=01;35:*.ogx=01;35:*.aac=00;36:*.au=00;36:*.flac=00;36:*.m4a=00;36:*.mid=00;36:*.midi=00;36:*.mka=00;36:*.mp3=00;36:*.mpc=00;36:*.ogg=00;36:*.ra=00;36:*.wav=00;36:*.oga=00;36:*.opus=00;36:*.spx=00;36:*.xspf=00;36:'), ('AMENT_PREFIX_PATH', '/ros2_ws/install/husky_description:/ros2_ws/install/ros2_controllers_test_nodes:/ros2_ws/install/ros2_control_test_assets:/ros2_ws/install/ros2_control_demo_description:/ros2_ws/install/wetexplorer_description:/ros2_ws/install/articubot_one:/opt/ros/humble'), ('PWD', '/ros2_ws/build/mapviz_plugins'), ('TURTLEBOT3_MODEL', 'burger'), ('LC_ALL', 'C.UTF-8'), ('PYTHONPATH', '/ros2_ws/install/ros2_controllers_test_nodes/lib/python3.10/site-packages:/opt/ros/humble/lib/python3.10/site-packages:/opt/ros/humble/local/lib/python3.10/dist-packages'), ('COLCON', '1'), ('CMAKE_PREFIX_PATH', '/ros2_ws/install/ros2_control_test_assets:/ros2_ws/install/ros2_control_demo_description:/ros2_ws/install/husky_description:/ros2_ws/install/wetexplorer_description:/ros2_ws/install/articubot_one')]), 'shell': False}
[0.077334] (realtime_tools) JobProgress: {'identifier': 'realtime_tools', 'progress': 'cmake'}
[0.077428] (realtime_tools) Command: {'cmd': ['/usr/bin/cmake', '/ros2_ws/src/realtime_tools', '-DCMAKE_INSTALL_PREFIX=/ros2_ws/install/realtime_tools'], 'cwd': '/ros2_ws/build/realtime_tools', 'env': OrderedDict([('HOSTNAME', 'pablo-computer'), ('IGNITION_VERSION', 'fortress'), ('SHLVL', '1'), ('LD_LIBRARY_PATH', '/usr/lib/x86_64-linux-gnu/gazebo-11/plugins:/opt/ros/humble/opt/rviz_ogre_vendor/lib:/opt/ros/humble/lib/x86_64-linux-gnu:/opt/ros/humble/lib'), ('HOME', '/home/ros'), ('OLDPWD', '/home/ros'), ('ROS_PYTHON_VERSION', '3'), ('COLCON_PREFIX_PATH', '/ros2_ws/install'), ('ROS_DISTRO', 'humble'), ('_', '/usr/bin/colcon'), ('ROS_VERSION', '2'), ('TERM', 'xterm'), ('ROS_LOCALHOST_ONLY', '0'), ('PATH', '/opt/ros/humble/bin:/usr/local/sbin:/usr/local/bin:/usr/sbin:/usr/bin:/sbin:/bin'), ('DISPLAY', ':1'), ('LANG', 'C.UTF-8'), ('LS_COLORS', 'rs=0:di=01;34:ln=01;36:mh=00:pi=40;33:so=01;35:do=01;35:bd=40;33;01:cd=40;33;01:or=40;31;01:mi=00:su=37;41:sg=30;43:ca=30;41:tw=30;42:ow=34;42:st=37;44:ex=01;32:*.tar=01;31:*.tgz=01;31:*.arc=01;31:*.arj=01;31:*.taz=01;31:*.lha=01;31:*.lz4=01;31:*.lzh=01;31:*.lzma=01;31:*.tlz=01;31:*.txz=01;31:*.tzo=01;31:*.t7z=01;31:*.zip=01;31:*.z=01;31:*.dz=01;31:*.gz=01;31:*.lrz=01;31:*.lz=01;31:*.lzo=01;31:*.xz=01;31:*.zst=01;31:*.tzst=01;31:*.bz2=01;31:*.bz=01;31:*.tbz=01;31:*.tbz2=01;31:*.tz=01;31:*.deb=01;31:*.rpm=01;31:*.jar=01;31:*.war=01;31:*.ear=01;31:*.sar=01;31:*.rar=01;31:*.alz=01;31:*.ace=01;31:*.zoo=01;31:*.cpio=01;31:*.7z=01;31:*.rz=01;31:*.cab=01;31:*.wim=01;31:*.swm=01;31:*.dwm=01;31:*.esd=01;31:*.jpg=01;35:*.jpeg=01;35:*.mjpg=01;35:*.mjpeg=01;35:*.gif=01;35:*.bmp=01;35:*.pbm=01;35:*.pgm=01;35:*.ppm=01;35:*.tga=01;35:*.xbm=01;35:*.xpm=01;35:*.tif=01;35:*.tiff=01;35:*.png=01;35:*.svg=01;35:*.svgz=01;35:*.mng=01;35:*.pcx=01;35:*.mov=01;35:*.mpg=01;35:*.mpeg=01;35:*.m2v=01;35:*.mkv=01;35:*.webm=01;35:*.webp=01;35:*.ogm=01;35:*.mp4=01;35:*.m4v=01;35:*.mp4v=01;35:*.vob=01;35:*.qt=01;35:*.nuv=01;35:*.wmv=01;35:*.asf=01;35:*.rm=01;35:*.rmvb=01;35:*.flc=01;35:*.avi=01;35:*.fli=01;35:*.flv=01;35:*.gl=01;35:*.dl=01;35:*.xcf=01;35:*.xwd=01;35:*.yuv=01;35:*.cgm=01;35:*.emf=01;35:*.ogv=01;35:*.ogx=01;35:*.aac=00;36:*.au=00;36:*.flac=00;36:*.m4a=00;36:*.mid=00;36:*.midi=00;36:*.mka=00;36:*.mp3=00;36:*.mpc=00;36:*.ogg=00;36:*.ra=00;36:*.wav=00;36:*.oga=00;36:*.opus=00;36:*.spx=00;36:*.xspf=00;36:'), ('AMENT_PREFIX_PATH', '/ros2_ws/install/husky_description:/ros2_ws/install/ros2_controllers_test_nodes:/ros2_ws/install/ros2_control_test_assets:/ros2_ws/install/ros2_control_demo_description:/ros2_ws/install/wetexplorer_description:/ros2_ws/install/articubot_one:/opt/ros/humble'), ('PWD', '/ros2_ws/build/realtime_tools'), ('TURTLEBOT3_MODEL', 'burger'), ('LC_ALL', 'C.UTF-8'), ('PYTHONPATH', '/ros2_ws/install/ros2_controllers_test_nodes/lib/python3.10/site-packages:/opt/ros/humble/lib/python3.10/site-packages:/opt/ros/humble/local/lib/python3.10/dist-packages'), ('COLCON', '1'), ('CMAKE_PREFIX_PATH', '/ros2_ws/install/ros2_control_test_assets:/ros2_ws/install/ros2_control_demo_description:/ros2_ws/install/husky_description:/ros2_ws/install/wetexplorer_description:/ros2_ws/install/articubot_one:/ros2_ws/install/ros2_controllers_test_nodes:/opt/ros/humble')]), 'shell': False}
[0.079178] (robo_base) JobProgress: {'identifier': 'robo_base', 'progress': 'cmake'}
[0.080050] (robo_base) Command: {'cmd': ['/usr/bin/cmake', '/ros2_ws/src/robo_base/robo_base', '-DCATKIN_INSTALL_INTO_PREFIX_ROOT=0', '-DCMAKE_INSTALL_PREFIX=/ros2_ws/install/robo_base'], 'cwd': '/ros2_ws/build/robo_base', 'env': OrderedDict([('HOSTNAME', 'pablo-computer'), ('IGNITION_VERSION', 'fortress'), ('SHLVL', '1'), ('LD_LIBRARY_PATH', '/usr/lib/x86_64-linux-gnu/gazebo-11/plugins:/opt/ros/humble/opt/rviz_ogre_vendor/lib:/opt/ros/humble/lib/x86_64-linux-gnu:/opt/ros/humble/lib'), ('HOME', '/home/ros'), ('OLDPWD', '/home/ros'), ('ROS_PYTHON_VERSION', '3'), ('COLCON_PREFIX_PATH', '/ros2_ws/install'), ('ROS_DISTRO', 'humble'), ('_', '/usr/bin/colcon'), ('ROS_VERSION', '2'), ('TERM', 'xterm'), ('ROS_LOCALHOST_ONLY', '0'), ('PATH', '/opt/ros/humble/bin:/usr/local/sbin:/usr/local/bin:/usr/sbin:/usr/bin:/sbin:/bin'), ('DISPLAY', ':1'), ('LANG', 'C.UTF-8'), ('LS_COLORS', 'rs=0:di=01;34:ln=01;36:mh=00:pi=40;33:so=01;35:do=01;35:bd=40;33;01:cd=40;33;01:or=40;31;01:mi=00:su=37;41:sg=30;43:ca=30;41:tw=30;42:ow=34;42:st=37;44:ex=01;32:*.tar=01;31:*.tgz=01;31:*.arc=01;31:*.arj=01;31:*.taz=01;31:*.lha=01;31:*.lz4=01;31:*.lzh=01;31:*.lzma=01;31:*.tlz=01;31:*.txz=01;31:*.tzo=01;31:*.t7z=01;31:*.zip=01;31:*.z=01;31:*.dz=01;31:*.gz=01;31:*.lrz=01;31:*.lz=01;31:*.lzo=01;31:*.xz=01;31:*.zst=01;31:*.tzst=01;31:*.bz2=01;31:*.bz=01;31:*.tbz=01;31:*.tbz2=01;31:*.tz=01;31:*.deb=01;31:*.rpm=01;31:*.jar=01;31:*.war=01;31:*.ear=01;31:*.sar=01;31:*.rar=01;31:*.alz=01;31:*.ace=01;31:*.zoo=01;31:*.cpio=01;31:*.7z=01;31:*.rz=01;31:*.cab=01;31:*.wim=01;31:*.swm=01;31:*.dwm=01;31:*.esd=01;31:*.jpg=01;35:*.jpeg=01;35:*.mjpg=01;35:*.mjpeg=01;35:*.gif=01;35:*.bmp=01;35:*.pbm=01;35:*.pgm=01;35:*.ppm=01;35:*.tga=01;35:*.xbm=01;35:*.xpm=01;35:*.tif=01;35:*.tiff=01;35:*.png=01;35:*.svg=01;35:*.svgz=01;35:*.mng=01;35:*.pcx=01;35:*.mov=01;35:*.mpg=01;35:*.mpeg=01;35:*.m2v=01;35:*.mkv=01;35:*.webm=01;35:*.webp=01;35:*.ogm=01;35:*.mp4=01;35:*.m4v=01;35:*.mp4v=01;35:*.vob=01;35:*.qt=01;35:*.nuv=01;35:*.wmv=01;35:*.asf=01;35:*.rm=01;35:*.rmvb=01;35:*.flc=01;35:*.avi=01;35:*.fli=01;35:*.flv=01;35:*.gl=01;35:*.dl=01;35:*.xcf=01;35:*.xwd=01;35:*.yuv=01;35:*.cgm=01;35:*.emf=01;35:*.ogv=01;35:*.ogx=01;35:*.aac=00;36:*.au=00;36:*.flac=00;36:*.m4a=00;36:*.mid=00;36:*.midi=00;36:*.mka=00;36:*.mp3=00;36:*.mpc=00;36:*.ogg=00;36:*.ra=00;36:*.wav=00;36:*.oga=00;36:*.opus=00;36:*.spx=00;36:*.xspf=00;36:'), ('AMENT_PREFIX_PATH', '/ros2_ws/install/husky_description:/ros2_ws/install/ros2_controllers_test_nodes:/ros2_ws/install/ros2_control_test_assets:/ros2_ws/install/ros2_control_demo_description:/ros2_ws/install/wetexplorer_description:/ros2_ws/install/articubot_one:/opt/ros/humble'), ('PWD', '/ros2_ws/build/robo_base'), ('TURTLEBOT3_MODEL', 'burger'), ('LC_ALL', 'C.UTF-8'), ('PYTHONPATH', '/ros2_ws/install/ros2_controllers_test_nodes/lib/python3.10/site-packages:/opt/ros/humble/lib/python3.10/site-packages:/opt/ros/humble/local/lib/python3.10/dist-packages'), ('COLCON', '1'), ('CMAKE_PREFIX_PATH', '/ros2_ws/install/ros2_control_test_assets:/ros2_ws/install/ros2_control_demo_description:/ros2_ws/install/husky_description:/ros2_ws/install/wetexplorer_description:/ros2_ws/install/articubot_one')]), 'shell': False}
[0.082299] (rtcm_msgs) JobProgress: {'identifier': 'rtcm_msgs', 'progress': 'cmake'}
[0.082348] (rtcm_msgs) Command: {'cmd': ['/usr/bin/cmake', '/ros2_ws/src/rtcm_msgs', '-DCMAKE_INSTALL_PREFIX=/ros2_ws/install/rtcm_msgs'], 'cwd': '/ros2_ws/build/rtcm_msgs', 'env': OrderedDict([('HOSTNAME', 'pablo-computer'), ('IGNITION_VERSION', 'fortress'), ('SHLVL', '1'), ('LD_LIBRARY_PATH', '/usr/lib/x86_64-linux-gnu/gazebo-11/plugins:/opt/ros/humble/opt/rviz_ogre_vendor/lib:/opt/ros/humble/lib/x86_64-linux-gnu:/opt/ros/humble/lib'), ('HOME', '/home/ros'), ('OLDPWD', '/home/ros'), ('ROS_PYTHON_VERSION', '3'), ('COLCON_PREFIX_PATH', '/ros2_ws/install'), ('ROS_DISTRO', 'humble'), ('_', '/usr/bin/colcon'), ('ROS_VERSION', '2'), ('TERM', 'xterm'), ('ROS_LOCALHOST_ONLY', '0'), ('PATH', '/opt/ros/humble/bin:/usr/local/sbin:/usr/local/bin:/usr/sbin:/usr/bin:/sbin:/bin'), ('DISPLAY', ':1'), ('LANG', 'C.UTF-8'), ('LS_COLORS', 'rs=0:di=01;34:ln=01;36:mh=00:pi=40;33:so=01;35:do=01;35:bd=40;33;01:cd=40;33;01:or=40;31;01:mi=00:su=37;41:sg=30;43:ca=30;41:tw=30;42:ow=34;42:st=37;44:ex=01;32:*.tar=01;31:*.tgz=01;31:*.arc=01;31:*.arj=01;31:*.taz=01;31:*.lha=01;31:*.lz4=01;31:*.lzh=01;31:*.lzma=01;31:*.tlz=01;31:*.txz=01;31:*.tzo=01;31:*.t7z=01;31:*.zip=01;31:*.z=01;31:*.dz=01;31:*.gz=01;31:*.lrz=01;31:*.lz=01;31:*.lzo=01;31:*.xz=01;31:*.zst=01;31:*.tzst=01;31:*.bz2=01;31:*.bz=01;31:*.tbz=01;31:*.tbz2=01;31:*.tz=01;31:*.deb=01;31:*.rpm=01;31:*.jar=01;31:*.war=01;31:*.ear=01;31:*.sar=01;31:*.rar=01;31:*.alz=01;31:*.ace=01;31:*.zoo=01;31:*.cpio=01;31:*.7z=01;31:*.rz=01;31:*.cab=01;31:*.wim=01;31:*.swm=01;31:*.dwm=01;31:*.esd=01;31:*.jpg=01;35:*.jpeg=01;35:*.mjpg=01;35:*.mjpeg=01;35:*.gif=01;35:*.bmp=01;35:*.pbm=01;35:*.pgm=01;35:*.ppm=01;35:*.tga=01;35:*.xbm=01;35:*.xpm=01;35:*.tif=01;35:*.tiff=01;35:*.png=01;35:*.svg=01;35:*.svgz=01;35:*.mng=01;35:*.pcx=01;35:*.mov=01;35:*.mpg=01;35:*.mpeg=01;35:*.m2v=01;35:*.mkv=01;35:*.webm=01;35:*.webp=01;35:*.ogm=01;35:*.mp4=01;35:*.m4v=01;35:*.mp4v=01;35:*.vob=01;35:*.qt=01;35:*.nuv=01;35:*.wmv=01;35:*.asf=01;35:*.rm=01;35:*.rmvb=01;35:*.flc=01;35:*.avi=01;35:*.fli=01;35:*.flv=01;35:*.gl=01;35:*.dl=01;35:*.xcf=01;35:*.xwd=01;35:*.yuv=01;35:*.cgm=01;35:*.emf=01;35:*.ogv=01;35:*.ogx=01;35:*.aac=00;36:*.au=00;36:*.flac=00;36:*.m4a=00;36:*.mid=00;36:*.midi=00;36:*.mka=00;36:*.mp3=00;36:*.mpc=00;36:*.ogg=00;36:*.ra=00;36:*.wav=00;36:*.oga=00;36:*.opus=00;36:*.spx=00;36:*.xspf=00;36:'), ('AMENT_PREFIX_PATH', '/ros2_ws/install/husky_description:/ros2_ws/install/ros2_controllers_test_nodes:/ros2_ws/install/ros2_control_test_assets:/ros2_ws/install/ros2_control_demo_description:/ros2_ws/install/wetexplorer_description:/ros2_ws/install/articubot_one:/opt/ros/humble'), ('PWD', '/ros2_ws/build/rtcm_msgs'), ('TURTLEBOT3_MODEL', 'burger'), ('LC_ALL', 'C.UTF-8'), ('PYTHONPATH', '/ros2_ws/install/ros2_controllers_test_nodes/lib/python3.10/site-packages:/opt/ros/humble/lib/python3.10/site-packages:/opt/ros/humble/local/lib/python3.10/dist-packages'), ('COLCON', '1'), ('CMAKE_PREFIX_PATH', '/ros2_ws/install/ros2_control_test_assets:/ros2_ws/install/ros2_control_demo_description:/ros2_ws/install/husky_description:/ros2_ws/install/wetexplorer_description:/ros2_ws/install/articubot_one:/ros2_ws/install/ros2_controllers_test_nodes:/opt/ros/humble')]), 'shell': False}
[0.083821] (tile_map) JobProgress: {'identifier': 'tile_map', 'progress': 'cmake'}
[0.087987] (tile_map) Command: {'cmd': ['/usr/bin/cmake', '/ros2_ws/src/tile_map', '-DCATKIN_INSTALL_INTO_PREFIX_ROOT=0', '-DCMAKE_INSTALL_PREFIX=/ros2_ws/install/tile_map'], 'cwd': '/ros2_ws/build/tile_map', 'env': OrderedDict([('HOSTNAME', 'pablo-computer'), ('IGNITION_VERSION', 'fortress'), ('SHLVL', '1'), ('LD_LIBRARY_PATH', '/usr/lib/x86_64-linux-gnu/gazebo-11/plugins:/opt/ros/humble/opt/rviz_ogre_vendor/lib:/opt/ros/humble/lib/x86_64-linux-gnu:/opt/ros/humble/lib'), ('HOME', '/home/ros'), ('OLDPWD', '/home/ros'), ('ROS_PYTHON_VERSION', '3'), ('COLCON_PREFIX_PATH', '/ros2_ws/install'), ('ROS_DISTRO', 'humble'), ('_', '/usr/bin/colcon'), ('ROS_VERSION', '2'), ('TERM', 'xterm'), ('ROS_LOCALHOST_ONLY', '0'), ('PATH', '/opt/ros/humble/bin:/usr/local/sbin:/usr/local/bin:/usr/sbin:/usr/bin:/sbin:/bin'), ('DISPLAY', ':1'), ('LANG', 'C.UTF-8'), ('LS_COLORS', 'rs=0:di=01;34:ln=01;36:mh=00:pi=40;33:so=01;35:do=01;35:bd=40;33;01:cd=40;33;01:or=40;31;01:mi=00:su=37;41:sg=30;43:ca=30;41:tw=30;42:ow=34;42:st=37;44:ex=01;32:*.tar=01;31:*.tgz=01;31:*.arc=01;31:*.arj=01;31:*.taz=01;31:*.lha=01;31:*.lz4=01;31:*.lzh=01;31:*.lzma=01;31:*.tlz=01;31:*.txz=01;31:*.tzo=01;31:*.t7z=01;31:*.zip=01;31:*.z=01;31:*.dz=01;31:*.gz=01;31:*.lrz=01;31:*.lz=01;31:*.lzo=01;31:*.xz=01;31:*.zst=01;31:*.tzst=01;31:*.bz2=01;31:*.bz=01;31:*.tbz=01;31:*.tbz2=01;31:*.tz=01;31:*.deb=01;31:*.rpm=01;31:*.jar=01;31:*.war=01;31:*.ear=01;31:*.sar=01;31:*.rar=01;31:*.alz=01;31:*.ace=01;31:*.zoo=01;31:*.cpio=01;31:*.7z=01;31:*.rz=01;31:*.cab=01;31:*.wim=01;31:*.swm=01;31:*.dwm=01;31:*.esd=01;31:*.jpg=01;35:*.jpeg=01;35:*.mjpg=01;35:*.mjpeg=01;35:*.gif=01;35:*.bmp=01;35:*.pbm=01;35:*.pgm=01;35:*.ppm=01;35:*.tga=01;35:*.xbm=01;35:*.xpm=01;35:*.tif=01;35:*.tiff=01;35:*.png=01;35:*.svg=01;35:*.svgz=01;35:*.mng=01;35:*.pcx=01;35:*.mov=01;35:*.mpg=01;35:*.mpeg=01;35:*.m2v=01;35:*.mkv=01;35:*.webm=01;35:*.webp=01;35:*.ogm=01;35:*.mp4=01;35:*.m4v=01;35:*.mp4v=01;35:*.vob=01;35:*.qt=01;35:*.nuv=01;35:*.wmv=01;35:*.asf=01;35:*.rm=01;35:*.rmvb=01;35:*.flc=01;35:*.avi=01;35:*.fli=01;35:*.flv=01;35:*.gl=01;35:*.dl=01;35:*.xcf=01;35:*.xwd=01;35:*.yuv=01;35:*.cgm=01;35:*.emf=01;35:*.ogv=01;35:*.ogx=01;35:*.aac=00;36:*.au=00;36:*.flac=00;36:*.m4a=00;36:*.mid=00;36:*.midi=00;36:*.mka=00;36:*.mp3=00;36:*.mpc=00;36:*.ogg=00;36:*.ra=00;36:*.wav=00;36:*.oga=00;36:*.opus=00;36:*.spx=00;36:*.xspf=00;36:'), ('AMENT_PREFIX_PATH', '/ros2_ws/install/husky_description:/ros2_ws/install/ros2_controllers_test_nodes:/ros2_ws/install/ros2_control_test_assets:/ros2_ws/install/ros2_control_demo_description:/ros2_ws/install/wetexplorer_description:/ros2_ws/install/articubot_one:/opt/ros/humble'), ('PWD', '/ros2_ws/build/tile_map'), ('TURTLEBOT3_MODEL', 'burger'), ('LC_ALL', 'C.UTF-8'), ('PYTHONPATH', '/ros2_ws/install/ros2_controllers_test_nodes/lib/python3.10/site-packages:/opt/ros/humble/lib/python3.10/site-packages:/opt/ros/humble/local/lib/python3.10/dist-packages'), ('COLCON', '1'), ('CMAKE_PREFIX_PATH', '/ros2_ws/install/ros2_control_test_assets:/ros2_ws/install/ros2_control_demo_description:/ros2_ws/install/husky_description:/ros2_ws/install/wetexplorer_description:/ros2_ws/install/articubot_one')]), 'shell': False}
[0.093703] (wetexplorer_control) JobProgress: {'identifier': 'wetexplorer_control', 'progress': 'cmake'}
[0.093783] (wetexplorer_control) Command: {'cmd': ['/usr/bin/cmake', '/ros2_ws/src/wetexplorer/wetexplorer_control', '-DCATKIN_INSTALL_INTO_PREFIX_ROOT=0', '-DCMAKE_INSTALL_PREFIX=/ros2_ws/install/wetexplorer_control'], 'cwd': '/ros2_ws/build/wetexplorer_control', 'env': OrderedDict([('HOSTNAME', 'pablo-computer'), ('IGNITION_VERSION', 'fortress'), ('SHLVL', '1'), ('LD_LIBRARY_PATH', '/usr/lib/x86_64-linux-gnu/gazebo-11/plugins:/opt/ros/humble/opt/rviz_ogre_vendor/lib:/opt/ros/humble/lib/x86_64-linux-gnu:/opt/ros/humble/lib'), ('HOME', '/home/ros'), ('OLDPWD', '/home/ros'), ('ROS_PYTHON_VERSION', '3'), ('COLCON_PREFIX_PATH', '/ros2_ws/install'), ('ROS_DISTRO', 'humble'), ('_', '/usr/bin/colcon'), ('ROS_VERSION', '2'), ('TERM', 'xterm'), ('ROS_LOCALHOST_ONLY', '0'), ('PATH', '/opt/ros/humble/bin:/usr/local/sbin:/usr/local/bin:/usr/sbin:/usr/bin:/sbin:/bin'), ('DISPLAY', ':1'), ('LANG', 'C.UTF-8'), ('LS_COLORS', 'rs=0:di=01;34:ln=01;36:mh=00:pi=40;33:so=01;35:do=01;35:bd=40;33;01:cd=40;33;01:or=40;31;01:mi=00:su=37;41:sg=30;43:ca=30;41:tw=30;42:ow=34;42:st=37;44:ex=01;32:*.tar=01;31:*.tgz=01;31:*.arc=01;31:*.arj=01;31:*.taz=01;31:*.lha=01;31:*.lz4=01;31:*.lzh=01;31:*.lzma=01;31:*.tlz=01;31:*.txz=01;31:*.tzo=01;31:*.t7z=01;31:*.zip=01;31:*.z=01;31:*.dz=01;31:*.gz=01;31:*.lrz=01;31:*.lz=01;31:*.lzo=01;31:*.xz=01;31:*.zst=01;31:*.tzst=01;31:*.bz2=01;31:*.bz=01;31:*.tbz=01;31:*.tbz2=01;31:*.tz=01;31:*.deb=01;31:*.rpm=01;31:*.jar=01;31:*.war=01;31:*.ear=01;31:*.sar=01;31:*.rar=01;31:*.alz=01;31:*.ace=01;31:*.zoo=01;31:*.cpio=01;31:*.7z=01;31:*.rz=01;31:*.cab=01;31:*.wim=01;31:*.swm=01;31:*.dwm=01;31:*.esd=01;31:*.jpg=01;35:*.jpeg=01;35:*.mjpg=01;35:*.mjpeg=01;35:*.gif=01;35:*.bmp=01;35:*.pbm=01;35:*.pgm=01;35:*.ppm=01;35:*.tga=01;35:*.xbm=01;35:*.xpm=01;35:*.tif=01;35:*.tiff=01;35:*.png=01;35:*.svg=01;35:*.svgz=01;35:*.mng=01;35:*.pcx=01;35:*.mov=01;35:*.mpg=01;35:*.mpeg=01;35:*.m2v=01;35:*.mkv=01;35:*.webm=01;35:*.webp=01;35:*.ogm=01;35:*.mp4=01;35:*.m4v=01;35:*.mp4v=01;35:*.vob=01;35:*.qt=01;35:*.nuv=01;35:*.wmv=01;35:*.asf=01;35:*.rm=01;35:*.rmvb=01;35:*.flc=01;35:*.avi=01;35:*.fli=01;35:*.flv=01;35:*.gl=01;35:*.dl=01;35:*.xcf=01;35:*.xwd=01;35:*.yuv=01;35:*.cgm=01;35:*.emf=01;35:*.ogv=01;35:*.ogx=01;35:*.aac=00;36:*.au=00;36:*.flac=00;36:*.m4a=00;36:*.mid=00;36:*.midi=00;36:*.mka=00;36:*.mp3=00;36:*.mpc=00;36:*.ogg=00;36:*.ra=00;36:*.wav=00;36:*.oga=00;36:*.opus=00;36:*.spx=00;36:*.xspf=00;36:'), ('AMENT_PREFIX_PATH', '/ros2_ws/install/husky_description:/ros2_ws/install/ros2_controllers_test_nodes:/ros2_ws/install/ros2_control_test_assets:/ros2_ws/install/ros2_control_demo_description:/ros2_ws/install/wetexplorer_description:/ros2_ws/install/articubot_one:/opt/ros/humble'), ('PWD', '/ros2_ws/build/wetexplorer_control'), ('TURTLEBOT3_MODEL', 'burger'), ('LC_ALL', 'C.UTF-8'), ('PYTHONPATH', '/ros2_ws/install/ros2_controllers_test_nodes/lib/python3.10/site-packages:/opt/ros/humble/lib/python3.10/site-packages:/opt/ros/humble/local/lib/python3.10/dist-packages'), ('COLCON', '1'), ('CMAKE_PREFIX_PATH', '/ros2_ws/install/ros2_control_test_assets:/ros2_ws/install/ros2_control_demo_description:/ros2_ws/install/husky_description:/ros2_ws/install/wetexplorer_description:/ros2_ws/install/articubot_one')]), 'shell': False}
[0.099685] (-) TimerEvent: {}
[0.107103] (mapviz_plugins) StderrLine: {'line': b'\x1b[0mCMake Deprecation Warning at CMakeLists.txt:1 (cmake_minimum_required):\n'}
[0.107360] (mapviz_plugins) StderrLine: {'line': b'  Compatibility with CMake < 2.8.12 will be removed from a future version of\n'}
[0.107475] (mapviz_plugins) StderrLine: {'line': b'  CMake.\n'}
[0.107605] (mapviz_plugins) StderrLine: {'line': b'\n'}
[0.107713] (mapviz_plugins) StderrLine: {'line': b'  Update the VERSION argument <min> value or use a ...<max> suffix to tell\n'}
[0.107819] (mapviz_plugins) StderrLine: {'line': b'  CMake that the project does not need compatibility with older versions.\n'}
[0.107940] (mapviz_plugins) StderrLine: {'line': b'\n'}
[0.108041] (mapviz_plugins) StderrLine: {'line': b'\x1b[0m\n'}
[0.134486] (articubot_one) CommandEnded: {'returncode': 0}
[0.135317] (robo_base) StderrLine: {'line': b'\x1b[0mCMake Deprecation Warning at CMakeLists.txt:1 (cmake_minimum_required):\n'}
[0.136155] (robo_base) StderrLine: {'line': b'  Compatibility with CMake < 2.8.12 will be removed from a future version of\n'}
[0.136308] (robo_base) StderrLine: {'line': b'  CMake.\n'}
[0.136408] (robo_base) StderrLine: {'line': b'\n'}
[0.136503] (robo_base) StderrLine: {'line': b'  Update the VERSION argument <min> value or use a ...<max> suffix to tell\n'}
[0.136602] (robo_base) StderrLine: {'line': b'  CMake that the project does not need compatibility with older versions.\n'}
[0.136692] (robo_base) StderrLine: {'line': b'\n'}
[0.136797] (robo_base) StderrLine: {'line': b'\x1b[0m\n'}
[0.170040] (husky_description) StdoutLine: {'line': b'-- The C compiler identification is GNU 11.4.0\n'}
[0.172450] (husky_msgs) StdoutLine: {'line': b'-- The C compiler identification is GNU 11.4.0\n'}
[0.172760] (turtlebot3_gazebo) StdoutLine: {'line': b'-- The C compiler identification is GNU 11.4.0\n'}
[0.172935] (turtlebot3_fake_node) StdoutLine: {'line': b'-- The C compiler identification is GNU 11.4.0\n'}
[0.185184] (control_msgs) StdoutLine: {'line': b'-- The C compiler identification is GNU 11.4.0\n'}
[0.190744] (articubot_one) JobProgress: {'identifier': 'articubot_one', 'progress': 'install'}
[0.197470] (robo_base) StdoutLine: {'line': b'-- The C compiler identification is GNU 11.4.0\n'}
[0.197796] (mapviz_plugins) StdoutLine: {'line': b'-- The C compiler identification is GNU 11.4.0\n'}
[0.202283] (-) TimerEvent: {}
[0.210038] (articubot_one) Command: {'cmd': ['/usr/bin/cmake', '--install', '/ros2_ws/build/articubot_one'], 'cwd': '/ros2_ws/build/articubot_one', 'env': OrderedDict([('HOSTNAME', 'pablo-computer'), ('IGNITION_VERSION', 'fortress'), ('SHLVL', '1'), ('LD_LIBRARY_PATH', '/usr/lib/x86_64-linux-gnu/gazebo-11/plugins:/opt/ros/humble/opt/rviz_ogre_vendor/lib:/opt/ros/humble/lib/x86_64-linux-gnu:/opt/ros/humble/lib'), ('HOME', '/home/ros'), ('OLDPWD', '/home/ros'), ('ROS_PYTHON_VERSION', '3'), ('COLCON_PREFIX_PATH', '/ros2_ws/install'), ('ROS_DISTRO', 'humble'), ('_', '/usr/bin/colcon'), ('ROS_VERSION', '2'), ('TERM', 'xterm'), ('ROS_LOCALHOST_ONLY', '0'), ('PATH', '/opt/ros/humble/bin:/usr/local/sbin:/usr/local/bin:/usr/sbin:/usr/bin:/sbin:/bin'), ('DISPLAY', ':1'), ('LANG', 'C.UTF-8'), ('LS_COLORS', 'rs=0:di=01;34:ln=01;36:mh=00:pi=40;33:so=01;35:do=01;35:bd=40;33;01:cd=40;33;01:or=40;31;01:mi=00:su=37;41:sg=30;43:ca=30;41:tw=30;42:ow=34;42:st=37;44:ex=01;32:*.tar=01;31:*.tgz=01;31:*.arc=01;31:*.arj=01;31:*.taz=01;31:*.lha=01;31:*.lz4=01;31:*.lzh=01;31:*.lzma=01;31:*.tlz=01;31:*.txz=01;31:*.tzo=01;31:*.t7z=01;31:*.zip=01;31:*.z=01;31:*.dz=01;31:*.gz=01;31:*.lrz=01;31:*.lz=01;31:*.lzo=01;31:*.xz=01;31:*.zst=01;31:*.tzst=01;31:*.bz2=01;31:*.bz=01;31:*.tbz=01;31:*.tbz2=01;31:*.tz=01;31:*.deb=01;31:*.rpm=01;31:*.jar=01;31:*.war=01;31:*.ear=01;31:*.sar=01;31:*.rar=01;31:*.alz=01;31:*.ace=01;31:*.zoo=01;31:*.cpio=01;31:*.7z=01;31:*.rz=01;31:*.cab=01;31:*.wim=01;31:*.swm=01;31:*.dwm=01;31:*.esd=01;31:*.jpg=01;35:*.jpeg=01;35:*.mjpg=01;35:*.mjpeg=01;35:*.gif=01;35:*.bmp=01;35:*.pbm=01;35:*.pgm=01;35:*.ppm=01;35:*.tga=01;35:*.xbm=01;35:*.xpm=01;35:*.tif=01;35:*.tiff=01;35:*.png=01;35:*.svg=01;35:*.svgz=01;35:*.mng=01;35:*.pcx=01;35:*.mov=01;35:*.mpg=01;35:*.mpeg=01;35:*.m2v=01;35:*.mkv=01;35:*.webm=01;35:*.webp=01;35:*.ogm=01;35:*.mp4=01;35:*.m4v=01;35:*.mp4v=01;35:*.vob=01;35:*.qt=01;35:*.nuv=01;35:*.wmv=01;35:*.asf=01;35:*.rm=01;35:*.rmvb=01;35:*.flc=01;35:*.avi=01;35:*.fli=01;35:*.flv=01;35:*.gl=01;35:*.dl=01;35:*.xcf=01;35:*.xwd=01;35:*.yuv=01;35:*.cgm=01;35:*.emf=01;35:*.ogv=01;35:*.ogx=01;35:*.aac=00;36:*.au=00;36:*.flac=00;36:*.m4a=00;36:*.mid=00;36:*.midi=00;36:*.mka=00;36:*.mp3=00;36:*.mpc=00;36:*.ogg=00;36:*.ra=00;36:*.wav=00;36:*.oga=00;36:*.opus=00;36:*.spx=00;36:*.xspf=00;36:'), ('AMENT_PREFIX_PATH', '/ros2_ws/install/husky_description:/ros2_ws/install/ros2_controllers_test_nodes:/ros2_ws/install/ros2_control_test_assets:/ros2_ws/install/ros2_control_demo_description:/ros2_ws/install/wetexplorer_description:/ros2_ws/install/articubot_one:/opt/ros/humble'), ('PWD', '/ros2_ws/build/articubot_one'), ('TURTLEBOT3_MODEL', 'burger'), ('LC_ALL', 'C.UTF-8'), ('PYTHONPATH', '/ros2_ws/install/ros2_controllers_test_nodes/lib/python3.10/site-packages:/opt/ros/humble/lib/python3.10/site-packages:/opt/ros/humble/local/lib/python3.10/dist-packages'), ('COLCON', '1'), ('CMAKE_PREFIX_PATH', '/ros2_ws/install/ros2_control_test_assets:/ros2_ws/install/ros2_control_demo_description:/ros2_ws/install/husky_description:/ros2_ws/install/wetexplorer_description:/ros2_ws/install/articubot_one:/ros2_ws/install/ros2_controllers_test_nodes:/opt/ros/humble')]), 'shell': False}
[0.210999] (realtime_tools) StdoutLine: {'line': b'-- The CXX compiler identification is GNU 11.4.0\n'}
[0.219502] (realtime_tools) StdoutLine: {'line': b'-- Detecting CXX compiler ABI info\n'}
[0.275654] (turtlebot3_gazebo) StdoutLine: {'line': b'-- The CXX compiler identification is GNU 11.4.0\n'}
[0.284457] (turtlebot3_fake_node) StdoutLine: {'line': b'-- The CXX compiler identification is GNU 11.4.0\n'}
[0.288262] (husky_description) StdoutLine: {'line': b'-- The CXX compiler identification is GNU 11.4.0\n'}
[0.290719] (turtlebot3_gazebo) StdoutLine: {'line': b'-- Detecting C compiler ABI info\n'}
[0.297593] (control_msgs) StdoutLine: {'line': b'-- The CXX compiler identification is GNU 11.4.0\n'}
[0.302403] (-) TimerEvent: {}
[0.304284] (husky_msgs) StdoutLine: {'line': b'-- The CXX compiler identification is GNU 11.4.0\n'}
[0.304566] (husky_description) StdoutLine: {'line': b'-- Detecting C compiler ABI info\n'}
[0.304771] (turtlebot3_fake_node) StdoutLine: {'line': b'-- Detecting C compiler ABI info\n'}
[0.310581] (control_msgs) StdoutLine: {'line': b'-- Detecting C compiler ABI info\n'}
[0.311566] (robo_base) StdoutLine: {'line': b'-- The CXX compiler identification is GNU 11.4.0\n'}
[0.312632] (mapviz_plugins) StdoutLine: {'line': b'-- The CXX compiler identification is GNU 11.4.0\n'}
[0.314706] (husky_msgs) StdoutLine: {'line': b'-- Detecting C compiler ABI info\n'}
[0.325327] (robo_base) StdoutLine: {'line': b'-- Detecting C compiler ABI info\n'}
[0.326389] (mapviz_plugins) StdoutLine: {'line': b'-- Detecting C compiler ABI info\n'}
[0.346708] (rtcm_msgs) StdoutLine: {'line': b'-- The C compiler identification is GNU 11.4.0\n'}
[0.348242] (rtcm_msgs) StdoutLine: {'line': b'-- The CXX compiler identification is GNU 11.4.0\n'}
[0.348708] (rtcm_msgs) StdoutLine: {'line': b'-- Detecting C compiler ABI info\n'}
[0.349343] (wetexplorer_control) StdoutLine: {'line': b'-- The C compiler identification is GNU 11.4.0\n'}
[0.349525] (wetexplorer_control) StdoutLine: {'line': b'-- The CXX compiler identification is GNU 11.4.0\n'}
[0.349656] (tile_map) StdoutLine: {'line': b'-- The C compiler identification is GNU 11.4.0\n'}
[0.349978] (tile_map) StdoutLine: {'line': b'-- The CXX compiler identification is GNU 11.4.0\n'}
[0.350078] (tile_map) StderrLine: {'line': b'\x1b[0mCMake Deprecation Warning at CMakeLists.txt:1 (cmake_minimum_required):\n'}
[0.350297] (tile_map) StderrLine: {'line': b'  Compatibility with CMake < 2.8.12 will be removed from a future version of\n'}
[0.350381] (tile_map) StderrLine: {'line': b'  CMake.\n'}
[0.350471] (tile_map) StderrLine: {'line': b'\n'}
[0.350568] (tile_map) StderrLine: {'line': b'  Update the VERSION argument <min> value or use a ...<max> suffix to tell\n'}
[0.350680] (tile_map) StderrLine: {'line': b'  CMake that the project does not need compatibility with older versions.\n'}
[0.350772] (tile_map) StderrLine: {'line': b'\n'}
[0.350866] (tile_map) StderrLine: {'line': b'\x1b[0m\n'}
[0.350958] (articubot_one) StdoutLine: {'line': b'-- Install configuration: ""\n'}
[0.351148] (articubot_one) StdoutLine: {'line': b'-- Up-to-date: /ros2_ws/install/articubot_one/share/articubot_one/config\n'}
[0.351289] (articubot_one) StdoutLine: {'line': b'-- Up-to-date: /ros2_ws/install/articubot_one/share/articubot_one/config/main.rviz\n'}
[0.351401] (articubot_one) StdoutLine: {'line': b'-- Up-to-date: /ros2_ws/install/articubot_one/share/articubot_one/config/config.rviz\n'}
[0.351510] (articubot_one) StdoutLine: {'line': b'-- Up-to-date: /ros2_ws/install/articubot_one/share/articubot_one/config/ball_tracker_params_sim.yaml\n'}
[0.351619] (articubot_one) StdoutLine: {'line': b'-- Up-to-date: /ros2_ws/install/articubot_one/share/articubot_one/config/view_bot.rviz\n'}
[0.351726] (articubot_one) StdoutLine: {'line': b'-- Up-to-date: /ros2_ws/install/articubot_one/share/articubot_one/config/empty.yaml\n'}
[0.351833] (articubot_one) StdoutLine: {'line': b'-- Up-to-date: /ros2_ws/install/articubot_one/share/articubot_one/config/my_controllers.yaml\n'}
[0.351940] (articubot_one) StdoutLine: {'line': b'-- Up-to-date: /ros2_ws/install/articubot_one/share/articubot_one/config/drive_bot.rviz\n'}
[0.352049] (articubot_one) StdoutLine: {'line': b'-- Up-to-date: /ros2_ws/install/articubot_one/share/articubot_one/config/mapper_params_online_async.yaml\n'}
[0.352197] (articubot_one) StdoutLine: {'line': b'-- Up-to-date: /ros2_ws/install/articubot_one/share/articubot_one/config/map.rviz\n'}
[0.352298] (articubot_one) StdoutLine: {'line': b'-- Up-to-date: /ros2_ws/install/articubot_one/share/articubot_one/config/twist_mux.yaml\n'}
[0.352406] (articubot_one) StdoutLine: {'line': b'-- Up-to-date: /ros2_ws/install/articubot_one/share/articubot_one/config/gz_bridge.yaml\n'}
[0.352513] (articubot_one) StdoutLine: {'line': b'-- Up-to-date: /ros2_ws/install/articubot_one/share/articubot_one/config/joystick.yaml\n'}
[0.352619] (articubot_one) StdoutLine: {'line': b'-- Up-to-date: /ros2_ws/install/articubot_one/share/articubot_one/config/ball_tracker_params_robot.yaml\n'}
[0.352798] (articubot_one) StdoutLine: {'line': b'-- Up-to-date: /ros2_ws/install/articubot_one/share/articubot_one/config/nav2_params.yaml\n'}
[0.352975] (articubot_one) StdoutLine: {'line': b'-- Up-to-date: /ros2_ws/install/articubot_one/share/articubot_one/config/gaz_ros2_ctl_use_sim.yaml\n'}
[0.353088] (articubot_one) StdoutLine: {'line': b'-- Up-to-date: /ros2_ws/install/articubot_one/share/articubot_one/description\n'}
[0.353397] (articubot_one) StdoutLine: {'line': b'-- Up-to-date: /ros2_ws/install/articubot_one/share/articubot_one/description/robot.urdf.xacro\n'}
[0.353519] (articubot_one) StdoutLine: {'line': b'-- Up-to-date: /ros2_ws/install/articubot_one/share/articubot_one/description/depth_camera.xacro\n'}
[0.353617] (articubot_one) StdoutLine: {'line': b'-- Up-to-date: /ros2_ws/install/articubot_one/share/articubot_one/description/robot_core.xacro\n'}
[0.353712] (articubot_one) StdoutLine: {'line': b'-- Up-to-date: /ros2_ws/install/articubot_one/share/articubot_one/description/inertial_macros.xacro\n'}
[0.353806] (articubot_one) StdoutLine: {'line': b'-- Up-to-date: /ros2_ws/install/articubot_one/share/articubot_one/description/camera.xacro\n'}
[0.353925] (articubot_one) StdoutLine: {'line': b'-- Up-to-date: /ros2_ws/install/articubot_one/share/articubot_one/description/gazebo_control.xacro\n'}
[0.354016] (articubot_one) StdoutLine: {'line': b'-- Up-to-date: /ros2_ws/install/articubot_one/share/articubot_one/description/face.xacro\n'}
[0.354115] (articubot_one) StdoutLine: {'line': b'-- Up-to-date: /ros2_ws/install/articubot_one/share/articubot_one/description/ros2_control.xacro\n'}
[0.354439] (articubot_one) StdoutLine: {'line': b'-- Up-to-date: /ros2_ws/install/articubot_one/share/articubot_one/description/my_robot.urdf\n'}
[0.354557] (articubot_one) StdoutLine: {'line': b'-- Up-to-date: /ros2_ws/install/articubot_one/share/articubot_one/description/lidar.xacro\n'}
[0.354674] (articubot_one) StdoutLine: {'line': b'-- Up-to-date: /ros2_ws/install/articubot_one/share/articubot_one/launch\n'}
[0.354766] (articubot_one) StdoutLine: {'line': b'-- Up-to-date: /ros2_ws/install/articubot_one/share/articubot_one/launch/rsp.launch.py\n'}
[0.354948] (articubot_one) StdoutLine: {'line': b'-- Up-to-date: /ros2_ws/install/articubot_one/share/articubot_one/launch/launch_robot.launch.py\n'}
[0.355117] (articubot_one) StdoutLine: {'line': b'-- Up-to-date: /ros2_ws/install/articubot_one/share/articubot_one/launch/joystick.launch.py\n'}
[0.355272] (articubot_one) StdoutLine: {'line': b'-- Up-to-date: /ros2_ws/install/articubot_one/share/articubot_one/launch/navigation_launch.py\n'}
[0.355370] (articubot_one) StdoutLine: {'line': b'-- Up-to-date: /ros2_ws/install/articubot_one/share/articubot_one/launch/online_async_launch.py\n'}
[0.355478] (articubot_one) StdoutLine: {'line': b'-- Up-to-date: /ros2_ws/install/articubot_one/share/articubot_one/launch/ball_tracker.launch.py\n'}
[0.355601] (articubot_one) StdoutLine: {'line': b'-- Up-to-date: /ros2_ws/install/articubot_one/share/articubot_one/launch/camera.launch.py\n'}
[0.355667] (articubot_one) StdoutLine: {'line': b'-- Up-to-date: /ros2_ws/install/articubot_one/share/articubot_one/launch/rplidar.launch.py\n'}
[0.355727] (articubot_one) StdoutLine: {'line': b'-- Up-to-date: /ros2_ws/install/articubot_one/share/articubot_one/launch/launch_sim.launch.py\n'}
[0.355785] (articubot_one) StdoutLine: {'line': b'-- Up-to-date: /ros2_ws/install/articubot_one/share/articubot_one/launch/sim.launch.py\n'}
[0.355842] (articubot_one) StdoutLine: {'line': b'-- Up-to-date: /ros2_ws/install/articubot_one/share/articubot_one/launch/localization_launch.py\n'}
[0.355900] (articubot_one) StdoutLine: {'line': b'-- Up-to-date: /ros2_ws/install/articubot_one/share/articubot_one/worlds\n'}
[0.355956] (articubot_one) StdoutLine: {'line': b'-- Up-to-date: /ros2_ws/install/articubot_one/share/articubot_one/worlds/empty.world\n'}
[0.356014] (articubot_one) StdoutLine: {'line': b'-- Up-to-date: /ros2_ws/install/articubot_one/share/articubot_one/worlds/obstacles.world\n'}
[0.356071] (articubot_one) StdoutLine: {'line': b'-- Up-to-date: /ros2_ws/install/articubot_one/share/ament_index/resource_index/package_run_dependencies/articubot_one\n'}
[0.356293] (articubot_one) StdoutLine: {'line': b'-- Up-to-date: /ros2_ws/install/articubot_one/share/ament_index/resource_index/parent_prefix_path/articubot_one\n'}
[0.356439] (articubot_one) StdoutLine: {'line': b'-- Up-to-date: /ros2_ws/install/articubot_one/share/articubot_one/environment/ament_prefix_path.sh\n'}
[0.356656] (articubot_one) StdoutLine: {'line': b'-- Up-to-date: /ros2_ws/install/articubot_one/share/articubot_one/environment/ament_prefix_path.dsv\n'}
[0.356718] (articubot_one) StdoutLine: {'line': b'-- Up-to-date: /ros2_ws/install/articubot_one/share/articubot_one/environment/path.sh\n'}
[0.356775] (articubot_one) StdoutLine: {'line': b'-- Up-to-date: /ros2_ws/install/articubot_one/share/articubot_one/environment/path.dsv\n'}
[0.356833] (articubot_one) StdoutLine: {'line': b'-- Up-to-date: /ros2_ws/install/articubot_one/share/articubot_one/local_setup.bash\n'}
[0.356959] (articubot_one) StdoutLine: {'line': b'-- Up-to-date: /ros2_ws/install/articubot_one/share/articubot_one/local_setup.sh\n'}
[0.357016] (articubot_one) StdoutLine: {'line': b'-- Up-to-date: /ros2_ws/install/articubot_one/share/articubot_one/local_setup.zsh\n'}
[0.357073] (articubot_one) StdoutLine: {'line': b'-- Up-to-date: /ros2_ws/install/articubot_one/share/articubot_one/local_setup.dsv\n'}
[0.357268] (articubot_one) StdoutLine: {'line': b'-- Installing: /ros2_ws/install/articubot_one/share/articubot_one/package.dsv\n'}
[0.357395] (articubot_one) StdoutLine: {'line': b'-- Up-to-date: /ros2_ws/install/articubot_one/share/ament_index/resource_index/packages/articubot_one\n'}
[0.357491] (articubot_one) StdoutLine: {'line': b'-- Up-to-date: /ros2_ws/install/articubot_one/share/articubot_one/cmake/articubot_oneConfig.cmake\n'}
[0.357579] (articubot_one) StdoutLine: {'line': b'-- Up-to-date: /ros2_ws/install/articubot_one/share/articubot_one/cmake/articubot_oneConfig-version.cmake\n'}
[0.357634] (articubot_one) StdoutLine: {'line': b'-- Up-to-date: /ros2_ws/install/articubot_one/share/articubot_one/package.xml\n'}
[0.357689] (husky_description) CommandEnded: {'returncode': -2}
[0.358304] (husky_description) StderrLine: {'line': b'Traceback (most recent call last):\n  File "/usr/lib/python3/dist-packages/colcon_parallel_executor/executor/parallel.py", line 75, in execute\n    loop.run_until_complete(future)\n  File "/usr/lib/python3.10/asyncio/base_events.py", line 636, in run_until_complete\n    self.run_forever()\n  File "/usr/lib/python3.10/asyncio/base_events.py", line 603, in run_forever\n    self._run_once()\n  File "/usr/lib/python3.10/asyncio/base_events.py", line 1871, in _run_once\n    event_list = self._selector.select(timeout)\n  File "/usr/lib/python3.10/selectors.py", line 469, in select\n    fd_event_list = self._selector.poll(timeout, max_ev)\nKeyboardInterrupt\n\nDuring handling of the above exception, another exception occurred:\n\nTraceback (most recent call last):\n  File "/usr/lib/python3/dist-packages/colcon_core/executor/__init__.py", line 91, in __call__\n    rc = await self.task(*args, **kwargs)\n  File "/usr/lib/python3/dist-packages/colcon_core/task/__init__.py", line 93, in __call__\n    return await task_method(*args, **kwargs)\n  File "/usr/lib/python3/dist-packages/colcon_ros/task/ament_cmake/build.py", line 59, in build\n    rc = await extension.build(\n  File "/usr/lib/python3/dist-packages/colcon_cmake/task/cmake/build.py", line 87, in build\n    rc = await self._reconfigure(args, env)\n  File "/usr/lib/python3/dist-packages/colcon_cmake/task/cmake/build.py", line 182, in _reconfigure\n    buildfile = get_buildfile(cmake_cache)\n  File "/usr/lib/python3/dist-packages/colcon_cmake/task/cmake/__init__.py", line 114, in get_buildfile\n    if \'Visual Studio\' in generator:\nTypeError: argument of type \'NoneType\' is not iterable\n'}
[0.358493] (husky_description) JobEnded: {'identifier': 'husky_description', 'rc': 'SIGINT'}
[0.359331] (turtlebot3_fake_node) CommandEnded: {'returncode': -2}
[0.359697] (turtlebot3_fake_node) StderrLine: {'line': b'Traceback (most recent call last):\n  File "/usr/lib/python3/dist-packages/colcon_parallel_executor/executor/parallel.py", line 75, in execute\n    loop.run_until_complete(future)\n  File "/usr/lib/python3.10/asyncio/base_events.py", line 636, in run_until_complete\n    self.run_forever()\n  File "/usr/lib/python3.10/asyncio/base_events.py", line 603, in run_forever\n    self._run_once()\n  File "/usr/lib/python3.10/asyncio/base_events.py", line 1871, in _run_once\n    event_list = self._selector.select(timeout)\n  File "/usr/lib/python3.10/selectors.py", line 469, in select\n    fd_event_list = self._selector.poll(timeout, max_ev)\nKeyboardInterrupt\n\nDuring handling of the above exception, another exception occurred:\n\nTraceback (most recent call last):\n  File "/usr/lib/python3/dist-packages/colcon_core/executor/__init__.py", line 91, in __call__\n    rc = await self.task(*args, **kwargs)\n  File "/usr/lib/python3/dist-packages/colcon_core/task/__init__.py", line 93, in __call__\n    return await task_method(*args, **kwargs)\n  File "/usr/lib/python3/dist-packages/colcon_ros/task/ament_cmake/build.py", line 59, in build\n    rc = await extension.build(\n  File "/usr/lib/python3/dist-packages/colcon_cmake/task/cmake/build.py", line 87, in build\n    rc = await self._reconfigure(args, env)\n  File "/usr/lib/python3/dist-packages/colcon_cmake/task/cmake/build.py", line 182, in _reconfigure\n    buildfile = get_buildfile(cmake_cache)\n  File "/usr/lib/python3/dist-packages/colcon_cmake/task/cmake/__init__.py", line 114, in get_buildfile\n    if \'Visual Studio\' in generator:\nTypeError: argument of type \'NoneType\' is not iterable\n'}
[0.359829] (turtlebot3_fake_node) JobEnded: {'identifier': 'turtlebot3_fake_node', 'rc': 'SIGINT'}
[0.360755] (robo_base) CommandEnded: {'returncode': -2}
[0.361157] (robo_base) StderrLine: {'line': b'Traceback (most recent call last):\n  File "/usr/lib/python3/dist-packages/colcon_parallel_executor/executor/parallel.py", line 75, in execute\n    loop.run_until_complete(future)\n  File "/usr/lib/python3.10/asyncio/base_events.py", line 636, in run_until_complete\n    self.run_forever()\n  File "/usr/lib/python3.10/asyncio/base_events.py", line 603, in run_forever\n    self._run_once()\n  File "/usr/lib/python3.10/asyncio/base_events.py", line 1871, in _run_once\n    event_list = self._selector.select(timeout)\n  File "/usr/lib/python3.10/selectors.py", line 469, in select\n    fd_event_list = self._selector.poll(timeout, max_ev)\nKeyboardInterrupt\n\nDuring handling of the above exception, another exception occurred:\n\nTraceback (most recent call last):\n  File "/usr/lib/python3/dist-packages/colcon_core/executor/__init__.py", line 91, in __call__\n    rc = await self.task(*args, **kwargs)\n  File "/usr/lib/python3/dist-packages/colcon_core/task/__init__.py", line 93, in __call__\n    return await task_method(*args, **kwargs)\n  File "/usr/lib/python3/dist-packages/colcon_ros/task/catkin/build.py", line 74, in build\n    rc = await extension.build(\n  File "/usr/lib/python3/dist-packages/colcon_cmake/task/cmake/build.py", line 87, in build\n    rc = await self._reconfigure(args, env)\n  File "/usr/lib/python3/dist-packages/colcon_cmake/task/cmake/build.py", line 182, in _reconfigure\n    buildfile = get_buildfile(cmake_cache)\n  File "/usr/lib/python3/dist-packages/colcon_cmake/task/cmake/__init__.py", line 114, in get_buildfile\n    if \'Visual Studio\' in generator:\nTypeError: argument of type \'NoneType\' is not iterable\n'}
[0.361475] (robo_base) JobEnded: {'identifier': 'robo_base', 'rc': 'SIGINT'}
[0.362366] (tile_map) CommandEnded: {'returncode': -2}
[0.362703] (tile_map) StderrLine: {'line': b'Traceback (most recent call last):\n  File "/usr/lib/python3/dist-packages/colcon_parallel_executor/executor/parallel.py", line 75, in execute\n    loop.run_until_complete(future)\n  File "/usr/lib/python3.10/asyncio/base_events.py", line 636, in run_until_complete\n    self.run_forever()\n  File "/usr/lib/python3.10/asyncio/base_events.py", line 603, in run_forever\n    self._run_once()\n  File "/usr/lib/python3.10/asyncio/base_events.py", line 1871, in _run_once\n    event_list = self._selector.select(timeout)\n  File "/usr/lib/python3.10/selectors.py", line 469, in select\n    fd_event_list = self._selector.poll(timeout, max_ev)\nKeyboardInterrupt\n\nDuring handling of the above exception, another exception occurred:\n\nTraceback (most recent call last):\n  File "/usr/lib/python3/dist-packages/colcon_core/executor/__init__.py", line 91, in __call__\n    rc = await self.task(*args, **kwargs)\n  File "/usr/lib/python3/dist-packages/colcon_core/task/__init__.py", line 93, in __call__\n    return await task_method(*args, **kwargs)\n  File "/usr/lib/python3/dist-packages/colcon_ros/task/catkin/build.py", line 74, in build\n    rc = await extension.build(\n  File "/usr/lib/python3/dist-packages/colcon_cmake/task/cmake/build.py", line 87, in build\n    rc = await self._reconfigure(args, env)\n  File "/usr/lib/python3/dist-packages/colcon_cmake/task/cmake/build.py", line 182, in _reconfigure\n    buildfile = get_buildfile(cmake_cache)\n  File "/usr/lib/python3/dist-packages/colcon_cmake/task/cmake/__init__.py", line 114, in get_buildfile\n    if \'Visual Studio\' in generator:\nTypeError: argument of type \'NoneType\' is not iterable\n'}
[0.362843] (tile_map) JobEnded: {'identifier': 'tile_map', 'rc': 'SIGINT'}
[0.363530] (wetexplorer_control) CommandEnded: {'returncode': -2}
[0.364623] (wetexplorer_control) StderrLine: {'line': b'Traceback (most recent call last):\n  File "/usr/lib/python3/dist-packages/colcon_parallel_executor/executor/parallel.py", line 75, in execute\n    loop.run_until_complete(future)\n  File "/usr/lib/python3.10/asyncio/base_events.py", line 636, in run_until_complete\n    self.run_forever()\n  File "/usr/lib/python3.10/asyncio/base_events.py", line 603, in run_forever\n    self._run_once()\n  File "/usr/lib/python3.10/asyncio/base_events.py", line 1871, in _run_once\n    event_list = self._selector.select(timeout)\n  File "/usr/lib/python3.10/selectors.py", line 469, in select\n    fd_event_list = self._selector.poll(timeout, max_ev)\nKeyboardInterrupt\n\nDuring handling of the above exception, another exception occurred:\n\nTraceback (most recent call last):\n  File "/usr/lib/python3/dist-packages/colcon_core/executor/__init__.py", line 91, in __call__\n    rc = await self.task(*args, **kwargs)\n  File "/usr/lib/python3/dist-packages/colcon_core/task/__init__.py", line 93, in __call__\n    return await task_method(*args, **kwargs)\n  File "/usr/lib/python3/dist-packages/colcon_ros/task/catkin/build.py", line 74, in build\n    rc = await extension.build(\n  File "/usr/lib/python3/dist-packages/colcon_cmake/task/cmake/build.py", line 87, in build\n    rc = await self._reconfigure(args, env)\n  File "/usr/lib/python3/dist-packages/colcon_cmake/task/cmake/build.py", line 182, in _reconfigure\n    buildfile = get_buildfile(cmake_cache)\n  File "/usr/lib/python3/dist-packages/colcon_cmake/task/cmake/__init__.py", line 114, in get_buildfile\n    if \'Visual Studio\' in generator:\nTypeError: argument of type \'NoneType\' is not iterable\n'}
[0.364840] (wetexplorer_control) JobEnded: {'identifier': 'wetexplorer_control', 'rc': 'SIGINT'}
[0.365466] (articubot_one) CommandEnded: {'returncode': 0}
[0.383989] (husky_msgs) JobEnded: {'identifier': 'husky_msgs', 'rc': 'SIGINT'}
[0.384989] (turtlebot3_gazebo) JobEnded: {'identifier': 'turtlebot3_gazebo', 'rc': 'SIGINT'}
[0.385308] (control_msgs) JobEnded: {'identifier': 'control_msgs', 'rc': 'SIGINT'}
[0.385582] (mapviz_plugins) JobEnded: {'identifier': 'mapviz_plugins', 'rc': 'SIGINT'}
[0.385844] (realtime_tools) JobEnded: {'identifier': 'realtime_tools', 'rc': 'SIGINT'}
[0.386113] (rtcm_msgs) JobEnded: {'identifier': 'rtcm_msgs', 'rc': 'SIGINT'}
[0.386340] (articubot_one) JobEnded: {'identifier': 'articubot_one', 'rc': 'SIGINT'}
[0.395314] (wetexplorer_description) JobSkipped: {'identifier': 'wetexplorer_description'}
[0.395368] (wetexplorer_gazebo) JobSkipped: {'identifier': 'wetexplorer_gazebo'}
[0.395480] (wetexplorer_hardware) JobSkipped: {'identifier': 'wetexplorer_hardware'}
[0.395550] (wetexplorer_navigation) JobSkipped: {'identifier': 'wetexplorer_navigation'}
[0.395597] (husky_base) JobSkipped: {'identifier': 'husky_base'}
[0.395632] (husky_control) JobSkipped: {'identifier': 'husky_control'}
[0.395665] (husky_viz) JobSkipped: {'identifier': 'husky_viz'}
[0.395698] (turtlebot3_simulations) JobSkipped: {'identifier': 'turtlebot3_simulations'}
[0.395731] (husky_bringup) JobSkipped: {'identifier': 'husky_bringup'}
[0.395763] (husky_desktop) JobSkipped: {'identifier': 'husky_desktop'}
[0.395795] (husky_gazebo) JobSkipped: {'identifier': 'husky_gazebo'}
[0.395827] (husky_robot) JobSkipped: {'identifier': 'husky_robot'}
[0.395859] (husky_simulator) JobSkipped: {'identifier': 'husky_simulator'}
[0.395891] (-) EventReactorShutdown: {}
