[35m[1mConsolidate compiler generated dependencies of target husky_msgs__rosidl_generator_c[0m
failed to create symbolic link '/ros2_ws/build/husky_msgs/ament_cmake_python/husky_msgs/husky_msgs' because existing path cannot be removed: Is a directory
gmake[2]: *** [CMakeFiles/ament_cmake_python_symlink_husky_msgs.dir/build.make:70: CMakeFiles/ament_cmake_python_symlink_husky_msgs] Error 1
gmake[1]: *** [CMakeFiles/Makefile2:421: CMakeFiles/ament_cmake_python_symlink_husky_msgs.dir/all] Error 2
gmake[1]: *** Waiting for unfinished jobs....
[  3%] Built target husky_msgs__cpp
[ 12%] Built target husky_msgs__rosidl_generator_c
gmake: *** [Makefile:146: all] Error 2
